Using pre-set license
Built from '2021.3/staging' branch; Version is '2021.3.7f1 (24e8595d6d43) revision 2418777'; Using compiler version '192829333'; Build Type 'Release'
OS: 'Windows 11  (10.0.22000) 64bit Core' Language: 'en' Physical Memory: 16086 MB
BatchMode: 1, IsHumanControllingUs: 0, StartBugReporterOnCrash: 0, Is64bit: 1, IsPro: 1

COMMAND LINE ARGUMENTS:
C:\Program Files\Unity 2021.3.7f1\Editor\Unity.exe
-adb2
-batchMode
-noUpm
-name
AssetImportWorker4
-projectPath
C:/Users/kylak/OneDrive/Desktop/VR/Rollaball-Kyla/Rollaball Project
-logFile
Logs/AssetImportWorker4.log
-srvPort
51309
Successfully changed project path to: C:/Users/kylak/OneDrive/Desktop/VR/Rollaball-Kyla/Rollaball Project
C:/Users/kylak/OneDrive/Desktop/VR/Rollaball-Kyla/Rollaball Project
[UnityMemory] Configuration Parameters - Can be set up in boot.config
    "memorysetup-bucket-allocator-granularity=16"
    "memorysetup-bucket-allocator-bucket-count=8"
    "memorysetup-bucket-allocator-block-size=33554432"
    "memorysetup-bucket-allocator-block-count=8"
    "memorysetup-main-allocator-block-size=16777216"
    "memorysetup-thread-allocator-block-size=16777216"
    "memorysetup-gfx-main-allocator-block-size=16777216"
    "memorysetup-gfx-thread-allocator-block-size=16777216"
    "memorysetup-cache-allocator-block-size=4194304"
    "memorysetup-typetree-allocator-block-size=2097152"
    "memorysetup-profiler-bucket-allocator-granularity=16"
    "memorysetup-profiler-bucket-allocator-bucket-count=8"
    "memorysetup-profiler-bucket-allocator-block-size=33554432"
    "memorysetup-profiler-bucket-allocator-block-count=8"
    "memorysetup-profiler-allocator-block-size=16777216"
    "memorysetup-profiler-editor-allocator-block-size=1048576"
    "memorysetup-temp-allocator-size-main=16777216"
    "memorysetup-job-temp-allocator-block-size=2097152"
    "memorysetup-job-temp-allocator-block-size-background=1048576"
    "memorysetup-job-temp-allocator-reduction-small-platforms=262144"
    "memorysetup-temp-allocator-size-background-worker=32768"
    "memorysetup-temp-allocator-size-job-worker=262144"
    "memorysetup-temp-allocator-size-preload-manager=33554432"
    "memorysetup-temp-allocator-size-nav-mesh-worker=65536"
    "memorysetup-temp-allocator-size-audio-worker=65536"
    "memorysetup-temp-allocator-size-cloud-worker=32768"
    "memorysetup-temp-allocator-size-gi-baking-worker=262144"
    "memorysetup-temp-allocator-size-gfx=262144"
Refreshing native plugins compatible for Editor in 237.26 ms, found 6 plugins.
Preloading 0 native plugins for Editor in 0.00 ms.
Initialize engine version: 2021.3.7f1 (24e8595d6d43)
[Subsystems] Discovering subsystems at path C:/Program Files/Unity 2021.3.7f1/Editor/Data/Resources/UnitySubsystems
[Subsystems] Discovering subsystems at path C:/Users/kylak/OneDrive/Desktop/VR/Rollaball-Kyla/Rollaball Project/Assets
GfxDevice: creating device client; threaded=0; jobified=0
Direct3D:
    Version:  Direct3D 11.0 [level 11.1]
    Renderer: NVIDIA GeForce GTX 1650 Ti with Max-Q Design (ID=0x1f95)
    Vendor:   NVIDIA
    VRAM:     3962 MB
    Driver:   30.0.15.1278
Initialize mono
Mono path[0] = 'C:/Program Files/Unity 2021.3.7f1/Editor/Data/Managed'
Mono path[1] = 'C:/Program Files/Unity 2021.3.7f1/Editor/Data/MonoBleedingEdge/lib/mono/unityjit-win32'
Mono config path = 'C:/Program Files/Unity 2021.3.7f1/Editor/Data/MonoBleedingEdge/etc'
Using monoOptions --debugger-agent=transport=dt_socket,embedding=1,server=y,suspend=n,address=127.0.0.1:56072
Begin MonoManager ReloadAssembly
Registering precompiled unity dll's ...
Register platform support module: C:/Program Files/Unity 2021.3.7f1/Editor/Data/PlaybackEngines/WindowsStandaloneSupport/UnityEditor.WindowsStandalone.Extensions.dll
Registered in 0.005651 seconds.
Native extension for WindowsStandalone target not found
Refreshing native plugins compatible for Editor in 193.69 ms, found 6 plugins.
Preloading 0 native plugins for Editor in 0.00 ms.
Mono: successfully reloaded assembly
- Completed reload, in  1.162 seconds
Domain Reload Profiling:
	ReloadAssembly (1163ms)
		BeginReloadAssembly (120ms)
			ExecutionOrderSort (0ms)
			DisableScriptedObjects (0ms)
			BackupInstance (0ms)
			ReleaseScriptingObjects (0ms)
			CreateAndSetChildDomain (1ms)
		EndReloadAssembly (861ms)
			LoadAssemblies (115ms)
			RebuildTransferFunctionScriptingTraits (0ms)
			SetupTypeCache (185ms)
			ReleaseScriptCaches (0ms)
			RebuildScriptCaches (46ms)
			SetupLoadedEditorAssemblies (547ms)
				LogAssemblyErrors (0ms)
				InitializePlatformSupportModulesInManaged (11ms)
				SetLoadedEditorAssemblies (0ms)
				RefreshPlugins (194ms)
				BeforeProcessingInitializeOnLoad (2ms)
				ProcessInitializeOnLoadAttributes (258ms)
				ProcessInitializeOnLoadMethodAttributes (81ms)
				AfterProcessingInitializeOnLoad (0ms)
				EditorAssembliesLoaded (0ms)
			ExecutionOrderSort2 (0ms)
			AwakeInstancesAfterBackupRestoration (0ms)
Platform modules already initialized, skipping
Registering precompiled user dll's ...
Registered in 0.013407 seconds.
Begin MonoManager ReloadAssembly
Symbol file LoadedFromMemory doesn't match image C:\Users\kylak\OneDrive\Desktop\VR\Rollaball-Kyla\Rollaball Project\Library\PackageCache\com.unity.visualscripting@1.7.8\Editor\VisualScripting.Core\Dependencies\YamlDotNet\Unity.VisualScripting.YamlDotNet.dll
Symbol file LoadedFromMemory doesn't match image C:\Users\kylak\OneDrive\Desktop\VR\Rollaball-Kyla\Rollaball Project\Library\PackageCache\com.unity.visualscripting@1.7.8\Editor\VisualScripting.Core\Dependencies\DotNetZip\Unity.VisualScripting.IonicZip.dll
Native extension for WindowsStandalone target not found
Refreshing native plugins compatible for Editor in 178.48 ms, found 6 plugins.
Preloading 0 native plugins for Editor in 0.00 ms.
Package Manager log level set to [2]
Mono: successfully reloaded assembly
- Completed reload, in  2.211 seconds
Domain Reload Profiling:
	ReloadAssembly (2212ms)
		BeginReloadAssembly (175ms)
			ExecutionOrderSort (0ms)
			DisableScriptedObjects (9ms)
			BackupInstance (0ms)
			ReleaseScriptingObjects (0ms)
			CreateAndSetChildDomain (28ms)
		EndReloadAssembly (1820ms)
			LoadAssemblies (145ms)
			RebuildTransferFunctionScriptingTraits (0ms)
			SetupTypeCache (504ms)
			ReleaseScriptCaches (1ms)
			RebuildScriptCaches (99ms)
			SetupLoadedEditorAssemblies (990ms)
				LogAssemblyErrors (0ms)
				InitializePlatformSupportModulesInManaged (6ms)
				SetLoadedEditorAssemblies (0ms)
				RefreshPlugins (179ms)
				BeforeProcessingInitializeOnLoad (187ms)
				ProcessInitializeOnLoadAttributes (566ms)
				ProcessInitializeOnLoadMethodAttributes (41ms)
				AfterProcessingInitializeOnLoad (11ms)
				EditorAssembliesLoaded (0ms)
			ExecutionOrderSort2 (0ms)
			AwakeInstancesAfterBackupRestoration (11ms)
Platform modules already initialized, skipping
========================================================================
Worker process is ready to serve import requests
Launched and connected shader compiler UnityShaderCompiler.exe after 0.07 seconds
Refreshing native plugins compatible for Editor in 1.18 ms, found 6 plugins.
Preloading 0 native plugins for Editor in 0.00 ms.
Unloading 4197 Unused Serialized files (Serialized files now loaded: 0)
Unloading 45 unused Assets / (1.3 MB). Loaded Objects now: 4650.
Memory consumption went from 157.0 MB to 155.7 MB.
Total: 5.305600 ms (FindLiveObjects: 0.472600 ms CreateObjectMapping: 0.474800 ms MarkObjects: 3.945200 ms  DeleteObjects: 0.411300 ms)

AssetImportParameters requested are different than current active one (requested -> active):
  custom:video-decoder-ogg-theora: a1e56fd34408186e4bbccfd4996cb3dc -> 
  custom:container-muxer-webm: aa71ff27fc2769a1b78a27578f13a17b -> 
  custom:container-demuxer-webm: 4f35f7cbe854078d1ac9338744f61a02 -> 
  custom:video-encoder-webm-vp8: eb34c28f22e8b96e1ab97ce403110664 -> 
  custom:video-codec-MediaFoundation-h265: 746d11721c4dcdbdad8f713fa42b33f4 -> 
  custom:audio-encoder-webm-vorbis: bf7c407c2cedff20999df2af8eb42d56 -> 
  custom:framework-win-MediaFoundation: 216162199b28c13a410421893ffa2e32 -> 
  custom:container-demuxer-ogg: 62fdf1f143b41e24485cea50d1cbac27 -> 
  custom:video-decoder-webm-vp8: 9c59270c3fd7afecdb556c50c9e8de78 -> 
  custom:audio-decoder-ogg-vorbis: bf7c407c2cedff20999df2af8eb42d56 -> 
========================================================================
Received Import Request.
  Time since last request: 80111.265638 seconds.
  path: Assets/SteamVR/Resources/ReferencePose_OpenHand.asset
  artifactKey: Guid(d93b955753287b048b63d232fa679470) Importer(815301076,1909f56bfc062723c751e8b465ee728b)
Start importing Assets/SteamVR/Resources/ReferencePose_OpenHand.asset using Guid(d93b955753287b048b63d232fa679470) Importer(815301076,1909f56bfc062723c751e8b465ee728b)  -> (artifact id: '7c6602e28ed97e42ff9a01abc3f6905d') in 0.058394 seconds 
========================================================================
Received Import Request.
  Time since last request: 3.560607 seconds.
  path: Assets/SteamVR/InteractionSystem/Poses/HappyBallPoseSqueezed.asset
  artifactKey: Guid(6dc41a1d6d2a48e41a7adc3e27f1a9ff) Importer(815301076,1909f56bfc062723c751e8b465ee728b)
Start importing Assets/SteamVR/InteractionSystem/Poses/HappyBallPoseSqueezed.asset using Guid(6dc41a1d6d2a48e41a7adc3e27f1a9ff) Importer(815301076,1909f56bfc062723c751e8b465ee728b)  -> (artifact id: '31654b18f7a83a9f83112c5dc7574046') in 0.016399 seconds 
========================================================================
Received Import Request.
  Time since last request: 1.781763 seconds.
  path: Assets/SteamVR/Input/SteamVR_Skeleton_Poser.cs
  artifactKey: Guid(e7418c7dd8f977d4e969202d3fa7e926) Importer(815301076,1909f56bfc062723c751e8b465ee728b)
Start importing Assets/SteamVR/Input/SteamVR_Skeleton_Poser.cs using Guid(e7418c7dd8f977d4e969202d3fa7e926) Importer(815301076,1909f56bfc062723c751e8b465ee728b)  -> (artifact id: '6d3d55a58c70fe41b92fd3dd43657b55') in 0.020101 seconds 
========================================================================
Received Prepare
Registering precompiled user dll's ...
Registered in 0.012300 seconds.
Begin MonoManager ReloadAssembly
Symbol file LoadedFromMemory doesn't match image C:\Users\kylak\OneDrive\Desktop\VR\Rollaball-Kyla\Rollaball Project\Library\PackageCache\com.unity.visualscripting@1.7.8\Editor\VisualScripting.Core\Dependencies\YamlDotNet\Unity.VisualScripting.YamlDotNet.dll
Symbol file LoadedFromMemory doesn't match image C:\Users\kylak\OneDrive\Desktop\VR\Rollaball-Kyla\Rollaball Project\Library\PackageCache\com.unity.visualscripting@1.7.8\Editor\VisualScripting.Core\Dependencies\DotNetZip\Unity.VisualScripting.IonicZip.dll
Native extension for WindowsStandalone target not found
Refreshing native plugins compatible for Editor in 1.28 ms, found 6 plugins.
Preloading 0 native plugins for Editor in 0.00 ms.
Mono: successfully reloaded assembly
- Completed reload, in  2.614 seconds
Domain Reload Profiling:
	ReloadAssembly (2616ms)
		BeginReloadAssembly (283ms)
			ExecutionOrderSort (0ms)
			DisableScriptedObjects (14ms)
			BackupInstance (0ms)
			ReleaseScriptingObjects (0ms)
			CreateAndSetChildDomain (84ms)
		EndReloadAssembly (2130ms)
			LoadAssemblies (181ms)
			RebuildTransferFunctionScriptingTraits (0ms)
			SetupTypeCache (810ms)
			ReleaseScriptCaches (2ms)
			RebuildScriptCaches (108ms)
			SetupLoadedEditorAssemblies (910ms)
				LogAssemblyErrors (0ms)
				InitializePlatformSupportModulesInManaged (24ms)
				SetLoadedEditorAssemblies (1ms)
				RefreshPlugins (1ms)
				BeforeProcessingInitializeOnLoad (156ms)
				ProcessInitializeOnLoadAttributes (633ms)
				ProcessInitializeOnLoadMethodAttributes (74ms)
				AfterProcessingInitializeOnLoad (20ms)
				EditorAssembliesLoaded (0ms)
			ExecutionOrderSort2 (0ms)
			AwakeInstancesAfterBackupRestoration (14ms)
Platform modules already initialized, skipping
Refreshing native plugins compatible for Editor in 6.68 ms, found 6 plugins.
Preloading 0 native plugins for Editor in 0.00 ms.
Unloading 4132 Unused Serialized files (Serialized files now loaded: 0)
Unloading 35 unused Assets / (1.3 MB). Loaded Objects now: 4654.
Memory consumption went from 151.6 MB to 150.3 MB.
Total: 9.339800 ms (FindLiveObjects: 0.584500 ms CreateObjectMapping: 0.619200 ms MarkObjects: 7.108400 ms  DeleteObjects: 1.025700 ms)

AssetImportParameters requested are different than current active one (requested -> active):
  custom:video-decoder-ogg-theora: a1e56fd34408186e4bbccfd4996cb3dc -> 
  custom:container-muxer-webm: aa71ff27fc2769a1b78a27578f13a17b -> 
  custom:container-demuxer-webm: 4f35f7cbe854078d1ac9338744f61a02 -> 
  custom:video-encoder-webm-vp8: eb34c28f22e8b96e1ab97ce403110664 -> 
  custom:video-codec-MediaFoundation-h265: 746d11721c4dcdbdad8f713fa42b33f4 -> 
  custom:audio-encoder-webm-vorbis: bf7c407c2cedff20999df2af8eb42d56 -> 
  custom:framework-win-MediaFoundation: 216162199b28c13a410421893ffa2e32 -> 
  custom:container-demuxer-ogg: 62fdf1f143b41e24485cea50d1cbac27 -> 
  custom:video-decoder-webm-vp8: 9c59270c3fd7afecdb556c50c9e8de78 -> 
  custom:audio-decoder-ogg-vorbis: bf7c407c2cedff20999df2af8eb42d56 -> 
========================================================================
Received Import Request.
  Time since last request: 11.921588 seconds.
  path: Assets/SteamVR/InteractionSystem/Longbow/Prefabs/Torch.prefab
  artifactKey: Guid(380bbbca09a806c4c8607dd111d9ed8f) Importer(815301076,1909f56bfc062723c751e8b465ee728b)
Start importing Assets/SteamVR/InteractionSystem/Longbow/Prefabs/Torch.prefab using Guid(380bbbca09a806c4c8607dd111d9ed8f) Importer(815301076,1909f56bfc062723c751e8b465ee728b)  -> (artifact id: 'd0a59fb8b5582ce69f721c3406fbf332') in 0.375695 seconds 
========================================================================
Received Import Request.
  Time since last request: 4.690572 seconds.
  path: Assets/SteamVR/InteractionSystem/Samples/Grenade/ModalThrowable.prefab
  artifactKey: Guid(a7c2b37096983fb40addeabf8a2aefbe) Importer(815301076,1909f56bfc062723c751e8b465ee728b)
Start importing Assets/SteamVR/InteractionSystem/Samples/Grenade/ModalThrowable.prefab using Guid(a7c2b37096983fb40addeabf8a2aefbe) Importer(815301076,1909f56bfc062723c751e8b465ee728b)  -> (artifact id: 'e5f63cbfa7c63732a92fcb1467f2d24b') in 0.228806 seconds 
========================================================================
Received Import Request.
  Time since last request: 0.659320 seconds.
  path: Assets/SteamVR/InteractionSystem/SnapTurn/snapTurnFX.fbx
  artifactKey: Guid(62dcc32f358950744a33cf3ced87eaed) Importer(815301076,1909f56bfc062723c751e8b465ee728b)
Start importing Assets/SteamVR/InteractionSystem/SnapTurn/snapTurnFX.fbx using Guid(62dcc32f358950744a33cf3ced87eaed) Importer(815301076,1909f56bfc062723c751e8b465ee728b)  -> (artifact id: '3c132d67d2064bd5d3b3a1c7bf5d688f') in 0.550866 seconds 
========================================================================
Received Import Request.
  Time since last request: 0.984092 seconds.
  path: Assets/SteamVR/InteractionSystem/Samples/Prefabs/TargetHitEffect.prefab
  artifactKey: Guid(ada35c93b68ad004d9b4e7bd686cf189) Importer(815301076,1909f56bfc062723c751e8b465ee728b)
Start importing Assets/SteamVR/InteractionSystem/Samples/Prefabs/TargetHitEffect.prefab using Guid(ada35c93b68ad004d9b4e7bd686cf189) Importer(815301076,1909f56bfc062723c751e8b465ee728b)  -> (artifact id: '3c13703405d9d2ee49e75f57bcb953c4') in 0.099628 seconds 
========================================================================
Received Import Request.
  Time since last request: 0.320678 seconds.
  path: Assets/SteamVR/InteractionSystem/Teleport/Models/TeleportDestination.fbx
  artifactKey: Guid(e61c6399d5478fc4bbfbdb7ccc35cca1) Importer(815301076,1909f56bfc062723c751e8b465ee728b)
Start importing Assets/SteamVR/InteractionSystem/Teleport/Models/TeleportDestination.fbx using Guid(e61c6399d5478fc4bbfbdb7ccc35cca1) Importer(815301076,1909f56bfc062723c751e8b465ee728b)  -> (artifact id: 'fbb1bb6cc96644c7a214e1a90cfb1218') in 0.036078 seconds 
========================================================================
Received Import Request.
  Time since last request: 0.050061 seconds.
  path: Assets/SteamVR/InteractionSystem/Teleport/Models/TeleportPlayAreaPieces.fbx
  artifactKey: Guid(c7aaa47f2514a5141970781d595e76a9) Importer(815301076,1909f56bfc062723c751e8b465ee728b)
Start importing Assets/SteamVR/InteractionSystem/Teleport/Models/TeleportPlayAreaPieces.fbx using Guid(c7aaa47f2514a5141970781d595e76a9) Importer(815301076,1909f56bfc062723c751e8b465ee728b)  -> (artifact id: '64898f323e9408415c718501b9b844f8') in 0.080445 seconds 
========================================================================
Received Import Request.
  Time since last request: 0.290947 seconds.
  path: Assets/SteamVR/InteractionSystem/Samples/Prefabs/ThrowableCube.prefab
  artifactKey: Guid(fb710a001890d9a44bb74a8ce4f20cc0) Importer(815301076,1909f56bfc062723c751e8b465ee728b)
Start importing Assets/SteamVR/InteractionSystem/Samples/Prefabs/ThrowableCube.prefab using Guid(fb710a001890d9a44bb74a8ce4f20cc0) Importer(815301076,1909f56bfc062723c751e8b465ee728b)  -> (artifact id: '5f1cdb34b71d3b3c0c2790949b7890bf') in 0.128857 seconds 
========================================================================
Received Import Request.
  Time since last request: 0.000043 seconds.
  path: Assets/SteamVR/Models/vr_glove_model.fbx
  artifactKey: Guid(02d2c3f5b5ca1014c8fb700e729167ae) Importer(815301076,1909f56bfc062723c751e8b465ee728b)
Start importing Assets/SteamVR/Models/vr_glove_model.fbx using Guid(02d2c3f5b5ca1014c8fb700e729167ae) Importer(815301076,1909f56bfc062723c751e8b465ee728b)  -> (artifact id: '10f7261ed2b2de7013f596093129a4dd') in 0.077841 seconds 
========================================================================
Received Import Request.
  Time since last request: 0.262718 seconds.
  path: Assets/SteamVR/Prefabs/vr_glove_right.prefab
  artifactKey: Guid(5dc81ef5cae96304586abbc6e4b5beb8) Importer(815301076,1909f56bfc062723c751e8b465ee728b)
Start importing Assets/SteamVR/Prefabs/vr_glove_right.prefab using Guid(5dc81ef5cae96304586abbc6e4b5beb8) Importer(815301076,1909f56bfc062723c751e8b465ee728b)  -> (artifact id: '214a647ba9ce78a24b90aae7bc3cfc04') in 0.146829 seconds 
========================================================================
Received Import Request.
  Time since last request: 0.000043 seconds.
  path: Assets/SteamVR/Prefabs/vr_hand_floppy_right.prefab
  artifactKey: Guid(48a64ca49a112494fa864087de12b75c) Importer(815301076,1909f56bfc062723c751e8b465ee728b)
Start importing Assets/SteamVR/Prefabs/vr_hand_floppy_right.prefab using Guid(48a64ca49a112494fa864087de12b75c) Importer(815301076,1909f56bfc062723c751e8b465ee728b)  -> (artifact id: 'c9bafb41532ae5b9ed7fe1017485bc52') in 0.134489 seconds 
========================================================================
Received Import Request.
  Time since last request: 4.518702 seconds.
  path: Packages/com.unity.xr.legacyinputhelpers/Prefabs/XRRig.prefab
  artifactKey: Guid(c116b7497ab8ca34c9188965d4295e27) Importer(815301076,1909f56bfc062723c751e8b465ee728b)
Start importing Packages/com.unity.xr.legacyinputhelpers/Prefabs/XRRig.prefab using Guid(c116b7497ab8ca34c9188965d4295e27) Importer(815301076,1909f56bfc062723c751e8b465ee728b)  -> (artifact id: '8bd8b0f8b96e19841b97bd32b36257d9') in 0.016608 seconds 
========================================================================
Received Import Request.
  Time since last request: 4.128913 seconds.
  path: Assets/SteamVR/Input/SteamVR_Skeleton_Poser.cs
  artifactKey: Guid(e7418c7dd8f977d4e969202d3fa7e926) Importer(815301076,1909f56bfc062723c751e8b465ee728b)
Start importing Assets/SteamVR/Input/SteamVR_Skeleton_Poser.cs using Guid(e7418c7dd8f977d4e969202d3fa7e926) Importer(815301076,1909f56bfc062723c751e8b465ee728b)  -> (artifact id: 'cbfabae250a3534f6945b85e274c8141') in 0.005861 seconds 
========================================================================
Received Import Request.
  Time since last request: 0.007249 seconds.
  path: Assets/SteamVR/InteractionSystem/Longbow/Prefabs/ArrowHand.prefab
  artifactKey: Guid(d410d7126dd411c4ea651fc94eae9202) Importer(815301076,1909f56bfc062723c751e8b465ee728b)
Start importing Assets/SteamVR/InteractionSystem/Longbow/Prefabs/ArrowHand.prefab using Guid(d410d7126dd411c4ea651fc94eae9202) Importer(815301076,1909f56bfc062723c751e8b465ee728b)  -> (artifact id: 'd8205f9a85a41515be868aa2df80fb40') in 0.125942 seconds 
========================================================================
Received Import Request.
  Time since last request: 0.000031 seconds.
  path: Assets/SteamVR/Prefabs/vr_glove_right_model_slim.prefab
  artifactKey: Guid(6def53d002137b747aec0b29551e0e25) Importer(815301076,1909f56bfc062723c751e8b465ee728b)
Start importing Assets/SteamVR/Prefabs/vr_glove_right_model_slim.prefab using Guid(6def53d002137b747aec0b29551e0e25) Importer(815301076,1909f56bfc062723c751e8b465ee728b)  -> (artifact id: '9407d271dea284ca0e5c3763014ad5b2') in 0.092107 seconds 
========================================================================
Received Prepare
Registering precompiled user dll's ...
Registered in 0.018353 seconds.
Begin MonoManager ReloadAssembly
Symbol file LoadedFromMemory doesn't match image C:\Users\kylak\OneDrive\Desktop\VR\Rollaball-Kyla\Rollaball Project\Library\PackageCache\com.unity.visualscripting@1.7.8\Editor\VisualScripting.Core\Dependencies\YamlDotNet\Unity.VisualScripting.YamlDotNet.dll
Symbol file LoadedFromMemory doesn't match image C:\Users\kylak\OneDrive\Desktop\VR\Rollaball-Kyla\Rollaball Project\Library\PackageCache\com.unity.visualscripting@1.7.8\Editor\VisualScripting.Core\Dependencies\DotNetZip\Unity.VisualScripting.IonicZip.dll
Native extension for WindowsStandalone target not found
Refreshing native plugins compatible for Editor in 2.17 ms, found 6 plugins.
Preloading 0 native plugins for Editor in 0.00 ms.
Mono: successfully reloaded assembly
- Completed reload, in  2.722 seconds
Domain Reload Profiling:
	ReloadAssembly (2723ms)
		BeginReloadAssembly (277ms)
			ExecutionOrderSort (0ms)
			DisableScriptedObjects (9ms)
			BackupInstance (0ms)
			ReleaseScriptingObjects (0ms)
			CreateAndSetChildDomain (75ms)
		EndReloadAssembly (2193ms)
			LoadAssemblies (200ms)
			RebuildTransferFunctionScriptingTraits (0ms)
			SetupTypeCache (772ms)
			ReleaseScriptCaches (3ms)
			RebuildScriptCaches (107ms)
			SetupLoadedEditorAssemblies (997ms)
				LogAssemblyErrors (0ms)
				InitializePlatformSupportModulesInManaged (30ms)
				SetLoadedEditorAssemblies (1ms)
				RefreshPlugins (2ms)
				BeforeProcessingInitializeOnLoad (186ms)
				ProcessInitializeOnLoadAttributes (691ms)
				ProcessInitializeOnLoadMethodAttributes (70ms)
				AfterProcessingInitializeOnLoad (16ms)
				EditorAssembliesLoaded (0ms)
			ExecutionOrderSort2 (0ms)
			AwakeInstancesAfterBackupRestoration (15ms)
Platform modules already initialized, skipping
Refreshing native plugins compatible for Editor in 5.85 ms, found 6 plugins.
Preloading 0 native plugins for Editor in 0.00 ms.
Unloading 4132 Unused Serialized files (Serialized files now loaded: 0)
Unloading 35 unused Assets / (1.3 MB). Loaded Objects now: 4674.
Memory consumption went from 169.1 MB to 167.8 MB.
Total: 7.392700 ms (FindLiveObjects: 0.509800 ms CreateObjectMapping: 0.553700 ms MarkObjects: 5.880600 ms  DeleteObjects: 0.447000 ms)

AssetImportParameters requested are different than current active one (requested -> active):
  custom:video-decoder-ogg-theora: a1e56fd34408186e4bbccfd4996cb3dc -> 
  custom:container-muxer-webm: aa71ff27fc2769a1b78a27578f13a17b -> 
  custom:container-demuxer-webm: 4f35f7cbe854078d1ac9338744f61a02 -> 
  custom:video-encoder-webm-vp8: eb34c28f22e8b96e1ab97ce403110664 -> 
  custom:video-codec-MediaFoundation-h265: 746d11721c4dcdbdad8f713fa42b33f4 -> 
  custom:audio-encoder-webm-vorbis: bf7c407c2cedff20999df2af8eb42d56 -> 
  custom:framework-win-MediaFoundation: 216162199b28c13a410421893ffa2e32 -> 
  custom:container-demuxer-ogg: 62fdf1f143b41e24485cea50d1cbac27 -> 
  custom:video-decoder-webm-vp8: 9c59270c3fd7afecdb556c50c9e8de78 -> 
  custom:audio-decoder-ogg-vorbis: bf7c407c2cedff20999df2af8eb42d56 -> 
========================================================================
Received Import Request.
  Time since last request: 11.961710 seconds.
  path: Assets/SteamVR/InteractionSystem/Samples/Grenade/ModalThrowable.prefab
  artifactKey: Guid(a7c2b37096983fb40addeabf8a2aefbe) Importer(815301076,1909f56bfc062723c751e8b465ee728b)
Start importing Assets/SteamVR/InteractionSystem/Samples/Grenade/ModalThrowable.prefab using Guid(a7c2b37096983fb40addeabf8a2aefbe) Importer(815301076,1909f56bfc062723c751e8b465ee728b)  -> (artifact id: '86362dd3c125c94de0400624aa3fbdd5') in 0.258057 seconds 
========================================================================
Received Import Request.
  Time since last request: 0.166080 seconds.
  path: Assets/SteamVR/InteractionSystem/Samples/Squishy/Squishy.prefab
  artifactKey: Guid(4d7627d70abb4e247b7d958e6634b2f1) Importer(815301076,1909f56bfc062723c751e8b465ee728b)
Start importing Assets/SteamVR/InteractionSystem/Samples/Squishy/Squishy.prefab using Guid(4d7627d70abb4e247b7d958e6634b2f1) Importer(815301076,1909f56bfc062723c751e8b465ee728b)  -> (artifact id: '86b880682725f6364b1ab120d34aaa95') in 0.458704 seconds 
========================================================================
Received Import Request.
  Time since last request: 0.743714 seconds.
  path: Assets/Prefabs/Throwable Golf Club (advanced estimation).prefab
  artifactKey: Guid(0940846aa25f3824db6ddd7b296d687b) Importer(815301076,1909f56bfc062723c751e8b465ee728b)
Start importing Assets/Prefabs/Throwable Golf Club (advanced estimation).prefab using Guid(0940846aa25f3824db6ddd7b296d687b) Importer(815301076,1909f56bfc062723c751e8b465ee728b)  -> (artifact id: '2d40d135a9eea8b536a416037d5b0ab1') in 0.116793 seconds 
========================================================================
Received Import Request.
  Time since last request: 0.284395 seconds.
  path: Assets/SteamVR/Prefabs/vr_hand_alien_right.prefab
  artifactKey: Guid(a2330dd3e2bcb44428f727270af1d625) Importer(815301076,1909f56bfc062723c751e8b465ee728b)
Start importing Assets/SteamVR/Prefabs/vr_hand_alien_right.prefab using Guid(a2330dd3e2bcb44428f727270af1d625) Importer(815301076,1909f56bfc062723c751e8b465ee728b)  -> (artifact id: '8a5b2e477f75a0e432d83da5dd74ca1a') in 0.101999 seconds 
========================================================================
Received Import Request.
  Time since last request: 2.812442 seconds.
  path: Assets/SteamVR/Input/SteamVR_Skeleton_Poser.cs
  artifactKey: Guid(e7418c7dd8f977d4e969202d3fa7e926) Importer(815301076,1909f56bfc062723c751e8b465ee728b)
Start importing Assets/SteamVR/Input/SteamVR_Skeleton_Poser.cs using Guid(e7418c7dd8f977d4e969202d3fa7e926) Importer(815301076,1909f56bfc062723c751e8b465ee728b)  -> (artifact id: 'f385f412f11437b67454e4f52af490b9') in 0.003776 seconds 
========================================================================
Received Import Request.
  Time since last request: 0.010574 seconds.
  path: Assets/SteamVR/InteractionSystem/Longbow/Prefabs/ArrowHand.prefab
  artifactKey: Guid(d410d7126dd411c4ea651fc94eae9202) Importer(815301076,1909f56bfc062723c751e8b465ee728b)
Start importing Assets/SteamVR/InteractionSystem/Longbow/Prefabs/ArrowHand.prefab using Guid(d410d7126dd411c4ea651fc94eae9202) Importer(815301076,1909f56bfc062723c751e8b465ee728b)  -> (artifact id: '63c32f9269fa5bf70afe72475a3f7cde') in 0.133627 seconds 
========================================================================
Received Import Request.
  Time since last request: 0.000038 seconds.
  path: Assets/SteamVR/Prefabs/vr_hand_floppy_left.prefab
  artifactKey: Guid(85d52d9937d11064295294895b28d068) Importer(815301076,1909f56bfc062723c751e8b465ee728b)
Start importing Assets/SteamVR/Prefabs/vr_hand_floppy_left.prefab using Guid(85d52d9937d11064295294895b28d068) Importer(815301076,1909f56bfc062723c751e8b465ee728b)  -> (artifact id: 'b992d4517aef523313ce1a7af0a56f4a') in 0.118161 seconds 
========================================================================
Received Import Request.
  Time since last request: 0.000055 seconds.
  path: Assets/SteamVR/Prefabs/vr_hand_alien_right.prefab
  artifactKey: Guid(a2330dd3e2bcb44428f727270af1d625) Importer(815301076,1909f56bfc062723c751e8b465ee728b)
Start importing Assets/SteamVR/Prefabs/vr_hand_alien_right.prefab using Guid(a2330dd3e2bcb44428f727270af1d625) Importer(815301076,1909f56bfc062723c751e8b465ee728b)  -> (artifact id: '4d101709e8b487510f5ac977d0a8b194') in 0.097887 seconds 
========================================================================
Received Prepare
Registering precompiled user dll's ...
Registered in 0.013499 seconds.
Begin MonoManager ReloadAssembly
Symbol file LoadedFromMemory doesn't match image C:\Users\kylak\OneDrive\Desktop\VR\Rollaball-Kyla\Rollaball Project\Library\PackageCache\com.unity.visualscripting@1.7.8\Editor\VisualScripting.Core\Dependencies\YamlDotNet\Unity.VisualScripting.YamlDotNet.dll
Symbol file LoadedFromMemory doesn't match image C:\Users\kylak\OneDrive\Desktop\VR\Rollaball-Kyla\Rollaball Project\Library\PackageCache\com.unity.visualscripting@1.7.8\Editor\VisualScripting.Core\Dependencies\DotNetZip\Unity.VisualScripting.IonicZip.dll
Native extension for WindowsStandalone target not found
Refreshing native plugins compatible for Editor in 1.31 ms, found 6 plugins.
Preloading 0 native plugins for Editor in 0.00 ms.
Mono: successfully reloaded assembly
- Completed reload, in  2.490 seconds
Domain Reload Profiling:
	ReloadAssembly (2491ms)
		BeginReloadAssembly (301ms)
			ExecutionOrderSort (0ms)
			DisableScriptedObjects (12ms)
			BackupInstance (0ms)
			ReleaseScriptingObjects (0ms)
			CreateAndSetChildDomain (79ms)
		EndReloadAssembly (1947ms)
			LoadAssemblies (185ms)
			RebuildTransferFunctionScriptingTraits (0ms)
			SetupTypeCache (743ms)
			ReleaseScriptCaches (3ms)
			RebuildScriptCaches (106ms)
			SetupLoadedEditorAssemblies (827ms)
				LogAssemblyErrors (0ms)
				InitializePlatformSupportModulesInManaged (21ms)
				SetLoadedEditorAssemblies (1ms)
				RefreshPlugins (1ms)
				BeforeProcessingInitializeOnLoad (162ms)
				ProcessInitializeOnLoadAttributes (568ms)
				ProcessInitializeOnLoadMethodAttributes (62ms)
				AfterProcessingInitializeOnLoad (11ms)
				EditorAssembliesLoaded (0ms)
			ExecutionOrderSort2 (0ms)
			AwakeInstancesAfterBackupRestoration (11ms)
Platform modules already initialized, skipping
Refreshing native plugins compatible for Editor in 4.90 ms, found 6 plugins.
Preloading 0 native plugins for Editor in 0.00 ms.
Unloading 4132 Unused Serialized files (Serialized files now loaded: 0)
Unloading 35 unused Assets / (1.3 MB). Loaded Objects now: 4678.
Memory consumption went from 169.1 MB to 167.8 MB.
Total: 5.795300 ms (FindLiveObjects: 0.486300 ms CreateObjectMapping: 0.387500 ms MarkObjects: 4.492500 ms  DeleteObjects: 0.427500 ms)

AssetImportParameters requested are different than current active one (requested -> active):
  custom:video-decoder-ogg-theora: a1e56fd34408186e4bbccfd4996cb3dc -> 
  custom:container-muxer-webm: aa71ff27fc2769a1b78a27578f13a17b -> 
  custom:container-demuxer-webm: 4f35f7cbe854078d1ac9338744f61a02 -> 
  custom:video-encoder-webm-vp8: eb34c28f22e8b96e1ab97ce403110664 -> 
  custom:video-codec-MediaFoundation-h265: 746d11721c4dcdbdad8f713fa42b33f4 -> 
  custom:audio-encoder-webm-vorbis: bf7c407c2cedff20999df2af8eb42d56 -> 
  custom:framework-win-MediaFoundation: 216162199b28c13a410421893ffa2e32 -> 
  custom:container-demuxer-ogg: 62fdf1f143b41e24485cea50d1cbac27 -> 
  custom:video-decoder-webm-vp8: 9c59270c3fd7afecdb556c50c9e8de78 -> 
  custom:audio-decoder-ogg-vorbis: bf7c407c2cedff20999df2af8eb42d56 -> 
========================================================================
Received Import Request.
  Time since last request: 66.486394 seconds.
  path: Assets/Poses/HoldClub.asset
  artifactKey: Guid(6e9cc19f016a9c24788dc57148099ae5) Importer(815301076,1909f56bfc062723c751e8b465ee728b)
Start importing Assets/Poses/HoldClub.asset using Guid(6e9cc19f016a9c24788dc57148099ae5) Importer(815301076,1909f56bfc062723c751e8b465ee728b)  -> (artifact id: 'bb1b3cb7526e69f0f50a5861f0326c72') in 0.029040 seconds 
========================================================================
Received Import Request.
  Time since last request: 4.124973 seconds.
  path: Assets/SteamVR/InteractionSystem/Poses/SquishyBase.asset
  artifactKey: Guid(c8576ff2e3da53743b7694fbfe3ad743) Importer(815301076,1909f56bfc062723c751e8b465ee728b)
Start importing Assets/SteamVR/InteractionSystem/Poses/SquishyBase.asset using Guid(c8576ff2e3da53743b7694fbfe3ad743) Importer(815301076,1909f56bfc062723c751e8b465ee728b)  -> (artifact id: '378b0ded54d7c921023509e01cb42499') in 0.009461 seconds 
========================================================================
Received Import Request.
  Time since last request: 4.276965 seconds.
  path: Assets/SteamVR/Input/SteamVR_Skeleton_Poser.cs
  artifactKey: Guid(e7418c7dd8f977d4e969202d3fa7e926) Importer(815301076,1909f56bfc062723c751e8b465ee728b)
Start importing Assets/SteamVR/Input/SteamVR_Skeleton_Poser.cs using Guid(e7418c7dd8f977d4e969202d3fa7e926) Importer(815301076,1909f56bfc062723c751e8b465ee728b)  -> (artifact id: '7d53d91cf4f01f9414d7325df33f03f8') in 0.003857 seconds 
========================================================================
Received Prepare
Registering precompiled user dll's ...
Registered in 0.015326 seconds.
Begin MonoManager ReloadAssembly
Symbol file LoadedFromMemory doesn't match image C:\Users\kylak\OneDrive\Desktop\VR\Rollaball-Kyla\Rollaball Project\Library\PackageCache\com.unity.visualscripting@1.7.8\Editor\VisualScripting.Core\Dependencies\YamlDotNet\Unity.VisualScripting.YamlDotNet.dll
Symbol file LoadedFromMemory doesn't match image C:\Users\kylak\OneDrive\Desktop\VR\Rollaball-Kyla\Rollaball Project\Library\PackageCache\com.unity.visualscripting@1.7.8\Editor\VisualScripting.Core\Dependencies\DotNetZip\Unity.VisualScripting.IonicZip.dll
Native extension for WindowsStandalone target not found
Refreshing native plugins compatible for Editor in 1.37 ms, found 6 plugins.
Preloading 0 native plugins for Editor in 0.00 ms.
Mono: successfully reloaded assembly
- Completed reload, in  2.079 seconds
Domain Reload Profiling:
	ReloadAssembly (2080ms)
		BeginReloadAssembly (236ms)
			ExecutionOrderSort (0ms)
			DisableScriptedObjects (8ms)
			BackupInstance (0ms)
			ReleaseScriptingObjects (0ms)
			CreateAndSetChildDomain (66ms)
		EndReloadAssembly (1658ms)
			LoadAssemblies (159ms)
			RebuildTransferFunctionScriptingTraits (0ms)
			SetupTypeCache (606ms)
			ReleaseScriptCaches (2ms)
			RebuildScriptCaches (76ms)
			SetupLoadedEditorAssemblies (724ms)
				LogAssemblyErrors (0ms)
				InitializePlatformSupportModulesInManaged (24ms)
				SetLoadedEditorAssemblies (1ms)
				RefreshPlugins (1ms)
				BeforeProcessingInitializeOnLoad (142ms)
				ProcessInitializeOnLoadAttributes (488ms)
				ProcessInitializeOnLoadMethodAttributes (56ms)
				AfterProcessingInitializeOnLoad (13ms)
				EditorAssembliesLoaded (0ms)
			ExecutionOrderSort2 (0ms)
			AwakeInstancesAfterBackupRestoration (11ms)
Platform modules already initialized, skipping
Refreshing native plugins compatible for Editor in 3.41 ms, found 6 plugins.
Preloading 0 native plugins for Editor in 0.00 ms.
Unloading 4132 Unused Serialized files (Serialized files now loaded: 0)
Unloading 35 unused Assets / (1.3 MB). Loaded Objects now: 4682.
Memory consumption went from 169.2 MB to 167.9 MB.
Total: 5.202700 ms (FindLiveObjects: 0.439700 ms CreateObjectMapping: 0.370400 ms MarkObjects: 4.035900 ms  DeleteObjects: 0.355100 ms)

AssetImportParameters requested are different than current active one (requested -> active):
  custom:video-decoder-ogg-theora: a1e56fd34408186e4bbccfd4996cb3dc -> 
  custom:container-muxer-webm: aa71ff27fc2769a1b78a27578f13a17b -> 
  custom:container-demuxer-webm: 4f35f7cbe854078d1ac9338744f61a02 -> 
  custom:video-encoder-webm-vp8: eb34c28f22e8b96e1ab97ce403110664 -> 
  custom:video-codec-MediaFoundation-h265: 746d11721c4dcdbdad8f713fa42b33f4 -> 
  custom:audio-encoder-webm-vorbis: bf7c407c2cedff20999df2af8eb42d56 -> 
  custom:framework-win-MediaFoundation: 216162199b28c13a410421893ffa2e32 -> 
  custom:container-demuxer-ogg: 62fdf1f143b41e24485cea50d1cbac27 -> 
  custom:video-decoder-webm-vp8: 9c59270c3fd7afecdb556c50c9e8de78 -> 
  custom:audio-decoder-ogg-vorbis: bf7c407c2cedff20999df2af8eb42d56 -> 
========================================================================
Received Import Request.
  Time since last request: 10.902122 seconds.
  path: Assets/SteamVR/InteractionSystem/Longbow/Prefabs/ArrowHand.prefab
  artifactKey: Guid(d410d7126dd411c4ea651fc94eae9202) Importer(815301076,1909f56bfc062723c751e8b465ee728b)
Start importing Assets/SteamVR/InteractionSystem/Longbow/Prefabs/ArrowHand.prefab using Guid(d410d7126dd411c4ea651fc94eae9202) Importer(815301076,1909f56bfc062723c751e8b465ee728b)  -> (artifact id: '3e3a011df3f68520115b50a2cfdea619') in 0.257273 seconds 
========================================================================
Received Import Request.
  Time since last request: 1.982479 seconds.
  path: Assets/SteamVR/InteractionSystem/Longbow/Prefabs/Longbow.prefab
  artifactKey: Guid(f1f5f898fbfdb80478825ce9b01fe8ae) Importer(815301076,1909f56bfc062723c751e8b465ee728b)
Start importing Assets/SteamVR/InteractionSystem/Longbow/Prefabs/Longbow.prefab using Guid(f1f5f898fbfdb80478825ce9b01fe8ae) Importer(815301076,1909f56bfc062723c751e8b465ee728b)  -> (artifact id: '92bbf8906f07297ba13b895f31820eeb') in 0.086261 seconds 
========================================================================
Received Import Request.
  Time since last request: 0.213309 seconds.
  path: Assets/SteamVR/InteractionSystem/Samples/Grenade/ModalThrowable.prefab
  artifactKey: Guid(a7c2b37096983fb40addeabf8a2aefbe) Importer(815301076,1909f56bfc062723c751e8b465ee728b)
Start importing Assets/SteamVR/InteractionSystem/Samples/Grenade/ModalThrowable.prefab using Guid(a7c2b37096983fb40addeabf8a2aefbe) Importer(815301076,1909f56bfc062723c751e8b465ee728b)  -> (artifact id: '83ce734e35e11dbcd7d0ed5b995f7dbc') in 0.050780 seconds 
========================================================================
Received Import Request.
  Time since last request: 0.754629 seconds.
  path: Assets/SteamVR/InteractionSystem/Samples/Squishy/Squishy.prefab
  artifactKey: Guid(4d7627d70abb4e247b7d958e6634b2f1) Importer(815301076,1909f56bfc062723c751e8b465ee728b)
Start importing Assets/SteamVR/InteractionSystem/Samples/Squishy/Squishy.prefab using Guid(4d7627d70abb4e247b7d958e6634b2f1) Importer(815301076,1909f56bfc062723c751e8b465ee728b)  -> (artifact id: '44b3ef4371494caf5417099fab0ff0c6') in 0.066779 seconds 
========================================================================
Received Import Request.
  Time since last request: 0.672873 seconds.
  path: Assets/Prefabs/Throwable Golf Club (advanced estimation).prefab
  artifactKey: Guid(0940846aa25f3824db6ddd7b296d687b) Importer(815301076,1909f56bfc062723c751e8b465ee728b)
Start importing Assets/Prefabs/Throwable Golf Club (advanced estimation).prefab using Guid(0940846aa25f3824db6ddd7b296d687b) Importer(815301076,1909f56bfc062723c751e8b465ee728b)  -> (artifact id: 'e1433990e6ef304ec3ce588436e79fcf') in 0.044295 seconds 
========================================================================
Received Import Request.
  Time since last request: 0.219958 seconds.
  path: Assets/SteamVR/InteractionSystem/Samples/Prefabs/ThrowableCube.prefab
  artifactKey: Guid(fb710a001890d9a44bb74a8ce4f20cc0) Importer(815301076,1909f56bfc062723c751e8b465ee728b)
Start importing Assets/SteamVR/InteractionSystem/Samples/Prefabs/ThrowableCube.prefab using Guid(fb710a001890d9a44bb74a8ce4f20cc0) Importer(815301076,1909f56bfc062723c751e8b465ee728b)  -> (artifact id: 'b041f8662dc83b7b7a81b57942c3e87c') in 0.056978 seconds 
========================================================================
Received Import Request.
  Time since last request: 0.000042 seconds.
  path: Assets/SteamVR/Prefabs/vr_glove_left_model_slim.prefab
  artifactKey: Guid(638779290bce1af49b356f33dcc6fccf) Importer(815301076,1909f56bfc062723c751e8b465ee728b)
Start importing Assets/SteamVR/Prefabs/vr_glove_left_model_slim.prefab using Guid(638779290bce1af49b356f33dcc6fccf) Importer(815301076,1909f56bfc062723c751e8b465ee728b)  -> (artifact id: '1b9328ae6723cc226b1e4a27e7e7f594') in 0.038347 seconds 
========================================================================
Received Import Request.
  Time since last request: 0.616630 seconds.
  path: Assets/SteamVR/Prefabs/vr_glove_right.prefab
  artifactKey: Guid(5dc81ef5cae96304586abbc6e4b5beb8) Importer(815301076,1909f56bfc062723c751e8b465ee728b)
Start importing Assets/SteamVR/Prefabs/vr_glove_right.prefab using Guid(5dc81ef5cae96304586abbc6e4b5beb8) Importer(815301076,1909f56bfc062723c751e8b465ee728b)  -> (artifact id: 'f715f4a8fbe10dde8c8466f490943d3b') in 0.029229 seconds 
========================================================================
Received Import Request.
  Time since last request: 3.122181 seconds.
  path: Assets/SteamVR/Input/SteamVR_Skeleton_Poser.cs
  artifactKey: Guid(e7418c7dd8f977d4e969202d3fa7e926) Importer(815301076,1909f56bfc062723c751e8b465ee728b)
Start importing Assets/SteamVR/Input/SteamVR_Skeleton_Poser.cs using Guid(e7418c7dd8f977d4e969202d3fa7e926) Importer(815301076,1909f56bfc062723c751e8b465ee728b)  -> (artifact id: '329c396ae47616f126cee048818810ab') in 0.003661 seconds 
========================================================================
Received Import Request.
  Time since last request: 0.022765 seconds.
  path: Assets/SteamVR/Prefabs/vr_glove_left.prefab
  artifactKey: Guid(057574477c20401448aba7c848873712) Importer(815301076,1909f56bfc062723c751e8b465ee728b)
Start importing Assets/SteamVR/Prefabs/vr_glove_left.prefab using Guid(057574477c20401448aba7c848873712) Importer(815301076,1909f56bfc062723c751e8b465ee728b)  -> (artifact id: '2190ce0fb110c2db0378390d4ed2f8b3') in 0.060108 seconds 
========================================================================
Received Prepare
Registering precompiled user dll's ...
Registered in 0.011818 seconds.
Begin MonoManager ReloadAssembly
Symbol file LoadedFromMemory doesn't match image C:\Users\kylak\OneDrive\Desktop\VR\Rollaball-Kyla\Rollaball Project\Library\PackageCache\com.unity.visualscripting@1.7.8\Editor\VisualScripting.Core\Dependencies\YamlDotNet\Unity.VisualScripting.YamlDotNet.dll
Symbol file LoadedFromMemory doesn't match image C:\Users\kylak\OneDrive\Desktop\VR\Rollaball-Kyla\Rollaball Project\Library\PackageCache\com.unity.visualscripting@1.7.8\Editor\VisualScripting.Core\Dependencies\DotNetZip\Unity.VisualScripting.IonicZip.dll
Native extension for WindowsStandalone target not found
Refreshing native plugins compatible for Editor in 1.14 ms, found 6 plugins.
Preloading 0 native plugins for Editor in 0.00 ms.
Mono: successfully reloaded assembly
- Completed reload, in  1.908 seconds
Domain Reload Profiling:
	ReloadAssembly (1909ms)
		BeginReloadAssembly (242ms)
			ExecutionOrderSort (0ms)
			DisableScriptedObjects (8ms)
			BackupInstance (0ms)
			ReleaseScriptingObjects (0ms)
			CreateAndSetChildDomain (76ms)
		EndReloadAssembly (1485ms)
			LoadAssemblies (151ms)
			RebuildTransferFunctionScriptingTraits (0ms)
			SetupTypeCache (570ms)
			ReleaseScriptCaches (2ms)
			RebuildScriptCaches (72ms)
			SetupLoadedEditorAssemblies (622ms)
				LogAssemblyErrors (0ms)
				InitializePlatformSupportModulesInManaged (20ms)
				SetLoadedEditorAssemblies (1ms)
				RefreshPlugins (1ms)
				BeforeProcessingInitializeOnLoad (120ms)
				ProcessInitializeOnLoadAttributes (425ms)
				ProcessInitializeOnLoadMethodAttributes (46ms)
				AfterProcessingInitializeOnLoad (9ms)
				EditorAssembliesLoaded (0ms)
			ExecutionOrderSort2 (0ms)
			AwakeInstancesAfterBackupRestoration (9ms)
Platform modules already initialized, skipping
Refreshing native plugins compatible for Editor in 3.39 ms, found 6 plugins.
Preloading 0 native plugins for Editor in 0.00 ms.
Unloading 4132 Unused Serialized files (Serialized files now loaded: 0)
Unloading 35 unused Assets / (1.3 MB). Loaded Objects now: 4686.
Memory consumption went from 169.2 MB to 167.9 MB.
Total: 4.784800 ms (FindLiveObjects: 0.427900 ms CreateObjectMapping: 0.334400 ms MarkObjects: 3.652600 ms  DeleteObjects: 0.368500 ms)

AssetImportParameters requested are different than current active one (requested -> active):
  custom:video-decoder-ogg-theora: a1e56fd34408186e4bbccfd4996cb3dc -> 
  custom:container-muxer-webm: aa71ff27fc2769a1b78a27578f13a17b -> 
  custom:container-demuxer-webm: 4f35f7cbe854078d1ac9338744f61a02 -> 
  custom:video-encoder-webm-vp8: eb34c28f22e8b96e1ab97ce403110664 -> 
  custom:video-codec-MediaFoundation-h265: 746d11721c4dcdbdad8f713fa42b33f4 -> 
  custom:audio-encoder-webm-vorbis: bf7c407c2cedff20999df2af8eb42d56 -> 
  custom:framework-win-MediaFoundation: 216162199b28c13a410421893ffa2e32 -> 
  custom:container-demuxer-ogg: 62fdf1f143b41e24485cea50d1cbac27 -> 
  custom:video-decoder-webm-vp8: 9c59270c3fd7afecdb556c50c9e8de78 -> 
  custom:audio-decoder-ogg-vorbis: bf7c407c2cedff20999df2af8eb42d56 -> 
========================================================================
Received Import Request.
  Time since last request: 11.694102 seconds.
  path: Assets/SteamVR/InteractionSystem/Longbow/Prefabs/ArrowHand.prefab
  artifactKey: Guid(d410d7126dd411c4ea651fc94eae9202) Importer(815301076,1909f56bfc062723c751e8b465ee728b)
Start importing Assets/SteamVR/InteractionSystem/Longbow/Prefabs/ArrowHand.prefab using Guid(d410d7126dd411c4ea651fc94eae9202) Importer(815301076,1909f56bfc062723c751e8b465ee728b)  -> (artifact id: 'ec711fd1a06d2bcba53166ebcf15294f') in 0.283582 seconds 
========================================================================
Received Import Request.
  Time since last request: 1.656409 seconds.
  path: Assets/SteamVR/InteractionSystem/Longbow/Prefabs/Longbow.prefab
  artifactKey: Guid(f1f5f898fbfdb80478825ce9b01fe8ae) Importer(815301076,1909f56bfc062723c751e8b465ee728b)
Start importing Assets/SteamVR/InteractionSystem/Longbow/Prefabs/Longbow.prefab using Guid(f1f5f898fbfdb80478825ce9b01fe8ae) Importer(815301076,1909f56bfc062723c751e8b465ee728b)  -> (artifact id: '4d482da78753dc60424d6336ab094864') in 0.128186 seconds 
========================================================================
Received Import Request.
  Time since last request: 0.000091 seconds.
  path: Assets/SteamVR/InteractionSystem/Core/Prefabs/Player.prefab
  artifactKey: Guid(dc06161b6d97feb419f45f03b62e14b9) Importer(815301076,1909f56bfc062723c751e8b465ee728b)
Start importing Assets/SteamVR/InteractionSystem/Core/Prefabs/Player.prefab using Guid(dc06161b6d97feb419f45f03b62e14b9) Importer(815301076,1909f56bfc062723c751e8b465ee728b)  -> (artifact id: '40092e98023746a375d98d6490d2a2bb') in 0.126876 seconds 
========================================================================
Received Import Request.
  Time since last request: 0.000039 seconds.
  path: Assets/SteamVR/InteractionSystem/Samples/Squishy/Squishy.prefab
  artifactKey: Guid(4d7627d70abb4e247b7d958e6634b2f1) Importer(815301076,1909f56bfc062723c751e8b465ee728b)
Start importing Assets/SteamVR/InteractionSystem/Samples/Squishy/Squishy.prefab using Guid(4d7627d70abb4e247b7d958e6634b2f1) Importer(815301076,1909f56bfc062723c751e8b465ee728b)  -> (artifact id: '992a9a29f22700bcb878900c76b493ea') in 0.070650 seconds 
========================================================================
Received Import Request.
  Time since last request: 1.163785 seconds.
  path: Assets/Prefabs/Throwable Golf Club (advanced estimation).prefab
  artifactKey: Guid(0940846aa25f3824db6ddd7b296d687b) Importer(815301076,1909f56bfc062723c751e8b465ee728b)
Start importing Assets/Prefabs/Throwable Golf Club (advanced estimation).prefab using Guid(0940846aa25f3824db6ddd7b296d687b) Importer(815301076,1909f56bfc062723c751e8b465ee728b)  -> (artifact id: 'a23c4a66767b8c841573a33893500d50') in 0.045096 seconds 
========================================================================
Received Import Request.
  Time since last request: 0.027191 seconds.
  path: Assets/SteamVR/InteractionSystem/Samples/Prefabs/ThrowableCube.prefab
  artifactKey: Guid(fb710a001890d9a44bb74a8ce4f20cc0) Importer(815301076,1909f56bfc062723c751e8b465ee728b)
Start importing Assets/SteamVR/InteractionSystem/Samples/Prefabs/ThrowableCube.prefab using Guid(fb710a001890d9a44bb74a8ce4f20cc0) Importer(815301076,1909f56bfc062723c751e8b465ee728b)  -> (artifact id: '399b7958f8db17be63227ee6b113ea83') in 0.070703 seconds 
========================================================================
Received Import Request.
  Time since last request: 0.325444 seconds.
  path: Assets/SteamVR/Prefabs/vr_glove_right_model_slim.prefab
  artifactKey: Guid(6def53d002137b747aec0b29551e0e25) Importer(815301076,1909f56bfc062723c751e8b465ee728b)
Start importing Assets/SteamVR/Prefabs/vr_glove_right_model_slim.prefab using Guid(6def53d002137b747aec0b29551e0e25) Importer(815301076,1909f56bfc062723c751e8b465ee728b)  -> (artifact id: '0a29c5ebbc9ae8a0eb1afeee97357d12') in 0.029862 seconds 
========================================================================
Received Import Request.
  Time since last request: 0.106921 seconds.
  path: Assets/SteamVR/Prefabs/vr_hand_alien_right.prefab
  artifactKey: Guid(a2330dd3e2bcb44428f727270af1d625) Importer(815301076,1909f56bfc062723c751e8b465ee728b)
Start importing Assets/SteamVR/Prefabs/vr_hand_alien_right.prefab using Guid(a2330dd3e2bcb44428f727270af1d625) Importer(815301076,1909f56bfc062723c751e8b465ee728b)  -> (artifact id: '9f7e96aade3af3ece9624f04ef39f8b9') in 0.041508 seconds 
========================================================================
Received Import Request.
  Time since last request: 0.031705 seconds.
  path: Assets/SteamVR/Prefabs/vr_hand_floppy_right.prefab
  artifactKey: Guid(48a64ca49a112494fa864087de12b75c) Importer(815301076,1909f56bfc062723c751e8b465ee728b)
Start importing Assets/SteamVR/Prefabs/vr_hand_floppy_right.prefab using Guid(48a64ca49a112494fa864087de12b75c) Importer(815301076,1909f56bfc062723c751e8b465ee728b)  -> (artifact id: 'd29dc75658e30c16eb5647902bf0df10') in 0.039127 seconds 
========================================================================
Received Import Request.
  Time since last request: 2.628128 seconds.
  path: Assets/SteamVR/Input/SteamVR_Skeleton_Poser.cs
  artifactKey: Guid(e7418c7dd8f977d4e969202d3fa7e926) Importer(815301076,1909f56bfc062723c751e8b465ee728b)
Start importing Assets/SteamVR/Input/SteamVR_Skeleton_Poser.cs using Guid(e7418c7dd8f977d4e969202d3fa7e926) Importer(815301076,1909f56bfc062723c751e8b465ee728b)  -> (artifact id: '9545a6c6095324236dd4a1f00d9a7357') in 0.003294 seconds 
========================================================================
Received Import Request.
  Time since last request: 0.015558 seconds.
  path: Assets/SteamVR/Prefabs/vr_glove_right.prefab
  artifactKey: Guid(5dc81ef5cae96304586abbc6e4b5beb8) Importer(815301076,1909f56bfc062723c751e8b465ee728b)
Start importing Assets/SteamVR/Prefabs/vr_glove_right.prefab using Guid(5dc81ef5cae96304586abbc6e4b5beb8) Importer(815301076,1909f56bfc062723c751e8b465ee728b)  -> (artifact id: 'c07ba0aae40846bbfabc3183232b1bc2') in 0.065870 seconds 
========================================================================
Received Import Request.
  Time since last request: 0.000025 seconds.
  path: Assets/SteamVR/Prefabs/vr_hand_alien_left.prefab
  artifactKey: Guid(78cacad1b5fb93349a980d2189b52b89) Importer(815301076,1909f56bfc062723c751e8b465ee728b)
Start importing Assets/SteamVR/Prefabs/vr_hand_alien_left.prefab using Guid(78cacad1b5fb93349a980d2189b52b89) Importer(815301076,1909f56bfc062723c751e8b465ee728b)  -> (artifact id: '8cdeabdb34560d34ee77026c11500432') in 0.064013 seconds 
========================================================================
Received Import Request.
  Time since last request: 0.000055 seconds.
  path: Assets/SteamVR/Prefabs/vr_hand_alien_right.prefab
  artifactKey: Guid(a2330dd3e2bcb44428f727270af1d625) Importer(815301076,1909f56bfc062723c751e8b465ee728b)
Start importing Assets/SteamVR/Prefabs/vr_hand_alien_right.prefab using Guid(a2330dd3e2bcb44428f727270af1d625) Importer(815301076,1909f56bfc062723c751e8b465ee728b)  -> (artifact id: '72e6415b11fa00f3898d5ffb60034d42') in 0.043812 seconds 
========================================================================
Received Prepare
Registering precompiled user dll's ...
Registered in 0.011618 seconds.
Begin MonoManager ReloadAssembly
Symbol file LoadedFromMemory doesn't match image C:\Users\kylak\OneDrive\Desktop\VR\Rollaball-Kyla\Rollaball Project\Library\PackageCache\com.unity.visualscripting@1.7.8\Editor\VisualScripting.Core\Dependencies\YamlDotNet\Unity.VisualScripting.YamlDotNet.dll
Symbol file LoadedFromMemory doesn't match image C:\Users\kylak\OneDrive\Desktop\VR\Rollaball-Kyla\Rollaball Project\Library\PackageCache\com.unity.visualscripting@1.7.8\Editor\VisualScripting.Core\Dependencies\DotNetZip\Unity.VisualScripting.IonicZip.dll
Native extension for WindowsStandalone target not found
Refreshing native plugins compatible for Editor in 2.05 ms, found 6 plugins.
Preloading 0 native plugins for Editor in 0.00 ms.
Mono: successfully reloaded assembly
- Completed reload, in  2.305 seconds
Domain Reload Profiling:
	ReloadAssembly (2306ms)
		BeginReloadAssembly (262ms)
			ExecutionOrderSort (0ms)
			DisableScriptedObjects (8ms)
			BackupInstance (0ms)
			ReleaseScriptingObjects (0ms)
			CreateAndSetChildDomain (71ms)
		EndReloadAssembly (1805ms)
			LoadAssemblies (187ms)
			RebuildTransferFunctionScriptingTraits (0ms)
			SetupTypeCache (701ms)
			ReleaseScriptCaches (3ms)
			RebuildScriptCaches (85ms)
			SetupLoadedEditorAssemblies (741ms)
				LogAssemblyErrors (0ms)
				InitializePlatformSupportModulesInManaged (24ms)
				SetLoadedEditorAssemblies (1ms)
				RefreshPlugins (2ms)
				BeforeProcessingInitializeOnLoad (164ms)
				ProcessInitializeOnLoadAttributes (488ms)
				ProcessInitializeOnLoadMethodAttributes (49ms)
				AfterProcessingInitializeOnLoad (12ms)
				EditorAssembliesLoaded (0ms)
			ExecutionOrderSort2 (0ms)
			AwakeInstancesAfterBackupRestoration (10ms)
Platform modules already initialized, skipping
Refreshing native plugins compatible for Editor in 3.79 ms, found 6 plugins.
Preloading 0 native plugins for Editor in 0.00 ms.
Unloading 4132 Unused Serialized files (Serialized files now loaded: 0)
Unloading 35 unused Assets / (1.3 MB). Loaded Objects now: 4695.
Memory consumption went from 169.5 MB to 168.2 MB.
Total: 5.323900 ms (FindLiveObjects: 0.462800 ms CreateObjectMapping: 0.361400 ms MarkObjects: 4.107100 ms  DeleteObjects: 0.391200 ms)

AssetImportParameters requested are different than current active one (requested -> active):
  custom:video-decoder-ogg-theora: a1e56fd34408186e4bbccfd4996cb3dc -> 
  custom:container-muxer-webm: aa71ff27fc2769a1b78a27578f13a17b -> 
  custom:container-demuxer-webm: 4f35f7cbe854078d1ac9338744f61a02 -> 
  custom:video-encoder-webm-vp8: eb34c28f22e8b96e1ab97ce403110664 -> 
  custom:video-codec-MediaFoundation-h265: 746d11721c4dcdbdad8f713fa42b33f4 -> 
  custom:audio-encoder-webm-vorbis: bf7c407c2cedff20999df2af8eb42d56 -> 
  custom:framework-win-MediaFoundation: 216162199b28c13a410421893ffa2e32 -> 
  custom:container-demuxer-ogg: 62fdf1f143b41e24485cea50d1cbac27 -> 
  custom:video-decoder-webm-vp8: 9c59270c3fd7afecdb556c50c9e8de78 -> 
  custom:audio-decoder-ogg-vorbis: bf7c407c2cedff20999df2af8eb42d56 -> 
========================================================================
Received Import Request.
  Time since last request: 26.067203 seconds.
  path: Assets/SteamVR/Models/Materials/models_hands_vr_glove.vmat.mat
  artifactKey: Guid(fad1eadf5b103e94ebbe02490afe0503) Importer(815301076,1909f56bfc062723c751e8b465ee728b)
Start importing Assets/SteamVR/Models/Materials/models_hands_vr_glove.vmat.mat using Guid(fad1eadf5b103e94ebbe02490afe0503) Importer(815301076,1909f56bfc062723c751e8b465ee728b)  -> (artifact id: '784bab010fe28db2efcc01e745be7993') in 0.169848 seconds 
========================================================================
Received Import Request.
  Time since last request: 0.000041 seconds.
  path: Assets/SteamVR/Models/Materials/vr_glove_normal.png
  artifactKey: Guid(3ba9d5201b468524ca8df1e0969a2108) Importer(815301076,1909f56bfc062723c751e8b465ee728b)
Start importing Assets/SteamVR/Models/Materials/vr_glove_normal.png using Guid(3ba9d5201b468524ca8df1e0969a2108) Importer(815301076,1909f56bfc062723c751e8b465ee728b)  -> (artifact id: '1690ea42788e261898491b2a83326e2f') in 0.114591 seconds 
========================================================================
Received Import Request.
  Time since last request: 0.000101 seconds.
  path: Assets/SteamVR/Prefabs/vr_glove_left.prefab
  artifactKey: Guid(057574477c20401448aba7c848873712) Importer(815301076,1909f56bfc062723c751e8b465ee728b)
Start importing Assets/SteamVR/Prefabs/vr_glove_left.prefab using Guid(057574477c20401448aba7c848873712) Importer(815301076,1909f56bfc062723c751e8b465ee728b)  -> (artifact id: 'dcc4512124b567ce01461df9f6bc8a67') in 0.118029 seconds 
