Using pre-set license
Built from '2021.3/staging' branch; Version is '2021.3.7f1 (24e8595d6d43) revision 2418777'; Using compiler version '192829333'; Build Type 'Release'
OS: 'Windows 10  (10.0.19044) 64bit Professional' Language: 'en' Physical Memory: 65263 MB
BatchMode: 1, IsHumanControllingUs: 0, StartBugReporterOnCrash: 0, Is64bit: 1, IsPro: 1

COMMAND LINE ARGUMENTS:
C:\Program Files\Unity 2021.3.7f1\Editor\Unity.exe
-adb2
-batchMode
-noUpm
-name
AssetImportWorker0
-projectPath
C:/Users/kkubik2/Documents/GitHub/Rollaball/Rollaball Project
-logFile
Logs/AssetImportWorker0.log
-srvPort
54046
Successfully changed project path to: C:/Users/kkubik2/Documents/GitHub/Rollaball/Rollaball Project
C:/Users/kkubik2/Documents/GitHub/Rollaball/Rollaball Project
[UnityMemory] Configuration Parameters - Can be set up in boot.config
    "memorysetup-bucket-allocator-granularity=16"
    "memorysetup-bucket-allocator-bucket-count=8"
    "memorysetup-bucket-allocator-block-size=33554432"
    "memorysetup-bucket-allocator-block-count=8"
    "memorysetup-main-allocator-block-size=16777216"
    "memorysetup-thread-allocator-block-size=16777216"
    "memorysetup-gfx-main-allocator-block-size=16777216"
    "memorysetup-gfx-thread-allocator-block-size=16777216"
    "memorysetup-cache-allocator-block-size=4194304"
    "memorysetup-typetree-allocator-block-size=2097152"
    "memorysetup-profiler-bucket-allocator-granularity=16"
    "memorysetup-profiler-bucket-allocator-bucket-count=8"
    "memorysetup-profiler-bucket-allocator-block-size=33554432"
    "memorysetup-profiler-bucket-allocator-block-count=8"
    "memorysetup-profiler-allocator-block-size=16777216"
    "memorysetup-profiler-editor-allocator-block-size=1048576"
    "memorysetup-temp-allocator-size-main=16777216"
    "memorysetup-job-temp-allocator-block-size=2097152"
    "memorysetup-job-temp-allocator-block-size-background=1048576"
    "memorysetup-job-temp-allocator-reduction-small-platforms=262144"
    "memorysetup-temp-allocator-size-background-worker=32768"
    "memorysetup-temp-allocator-size-job-worker=262144"
    "memorysetup-temp-allocator-size-preload-manager=33554432"
    "memorysetup-temp-allocator-size-nav-mesh-worker=65536"
    "memorysetup-temp-allocator-size-audio-worker=65536"
    "memorysetup-temp-allocator-size-cloud-worker=32768"
    "memorysetup-temp-allocator-size-gi-baking-worker=262144"
    "memorysetup-temp-allocator-size-gfx=262144"
Refreshing native plugins compatible for Editor in 111.08 ms, found 6 plugins.
Preloading 0 native plugins for Editor in 0.00 ms.
Initialize engine version: 2021.3.7f1 (24e8595d6d43)
[Subsystems] Discovering subsystems at path C:/Program Files/Unity 2021.3.7f1/Editor/Data/Resources/UnitySubsystems
[Subsystems] Discovering subsystems at path C:/Users/kkubik2/Documents/GitHub/Rollaball/Rollaball Project/Assets
GfxDevice: creating device client; threaded=0; jobified=0
Direct3D:
    Version:  Direct3D 11.0 [level 11.1]
    Renderer: NVIDIA GeForce RTX 2080 Ti (ID=0x1e04)
    Vendor:   NVIDIA
    VRAM:     11041 MB
    Driver:   31.0.15.2802
Initialize mono
Mono path[0] = 'C:/Program Files/Unity 2021.3.7f1/Editor/Data/Managed'
Mono path[1] = 'C:/Program Files/Unity 2021.3.7f1/Editor/Data/MonoBleedingEdge/lib/mono/unityjit-win32'
Mono config path = 'C:/Program Files/Unity 2021.3.7f1/Editor/Data/MonoBleedingEdge/etc'
Using monoOptions --debugger-agent=transport=dt_socket,embedding=1,server=y,suspend=n,address=127.0.0.1:56480
Begin MonoManager ReloadAssembly
Registering precompiled unity dll's ...
Register platform support module: C:/Program Files/Unity 2021.3.7f1/Editor/Data/PlaybackEngines/AndroidPlayer/UnityEditor.Android.Extensions.dll
Register platform support module: C:/Program Files/Unity 2021.3.7f1/Editor/Data/PlaybackEngines/WindowsStandaloneSupport/UnityEditor.WindowsStandalone.Extensions.dll
Registered in 0.007222 seconds.
Native extension for WindowsStandalone target not found
Native extension for Android target not found
Refreshing native plugins compatible for Editor in 96.36 ms, found 6 plugins.
Preloading 0 native plugins for Editor in 0.00 ms.
Mono: successfully reloaded assembly
- Completed reload, in  0.667 seconds
Domain Reload Profiling:
	ReloadAssembly (667ms)
		BeginReloadAssembly (79ms)
			ExecutionOrderSort (0ms)
			DisableScriptedObjects (0ms)
			BackupInstance (0ms)
			ReleaseScriptingObjects (0ms)
			CreateAndSetChildDomain (1ms)
		EndReloadAssembly (479ms)
			LoadAssemblies (76ms)
			RebuildTransferFunctionScriptingTraits (0ms)
			SetupTypeCache (104ms)
			ReleaseScriptCaches (0ms)
			RebuildScriptCaches (28ms)
			SetupLoadedEditorAssemblies (297ms)
				LogAssemblyErrors (0ms)
				InitializePlatformSupportModulesInManaged (41ms)
				SetLoadedEditorAssemblies (0ms)
				RefreshPlugins (97ms)
				BeforeProcessingInitializeOnLoad (1ms)
				ProcessInitializeOnLoadAttributes (110ms)
				ProcessInitializeOnLoadMethodAttributes (48ms)
				AfterProcessingInitializeOnLoad (0ms)
				EditorAssembliesLoaded (0ms)
			ExecutionOrderSort2 (0ms)
			AwakeInstancesAfterBackupRestoration (0ms)
Platform modules already initialized, skipping
Registering precompiled user dll's ...
Registered in 0.012748 seconds.
Begin MonoManager ReloadAssembly
Native extension for WindowsStandalone target not found
Native extension for Android target not found
Refreshing native plugins compatible for Editor in 105.18 ms, found 6 plugins.
Preloading 0 native plugins for Editor in 0.00 ms.
Package Manager log level set to [2]
Mono: successfully reloaded assembly
- Completed reload, in  1.263 seconds
Domain Reload Profiling:
	ReloadAssembly (1264ms)
		BeginReloadAssembly (116ms)
			ExecutionOrderSort (0ms)
			DisableScriptedObjects (5ms)
			BackupInstance (0ms)
			ReleaseScriptingObjects (0ms)
			CreateAndSetChildDomain (24ms)
		EndReloadAssembly (1032ms)
			LoadAssemblies (98ms)
			RebuildTransferFunctionScriptingTraits (0ms)
			SetupTypeCache (282ms)
			ReleaseScriptCaches (1ms)
			RebuildScriptCaches (54ms)
			SetupLoadedEditorAssemblies (543ms)
				LogAssemblyErrors (0ms)
				InitializePlatformSupportModulesInManaged (13ms)
				SetLoadedEditorAssemblies (0ms)
				RefreshPlugins (105ms)
				BeforeProcessingInitializeOnLoad (110ms)
				ProcessInitializeOnLoadAttributes (280ms)
				ProcessInitializeOnLoadMethodAttributes (22ms)
				AfterProcessingInitializeOnLoad (12ms)
				EditorAssembliesLoaded (0ms)
			ExecutionOrderSort2 (0ms)
			AwakeInstancesAfterBackupRestoration (15ms)
Platform modules already initialized, skipping
========================================================================
Worker process is ready to serve import requests
Launched and connected shader compiler UnityShaderCompiler.exe after 0.06 seconds
Refreshing native plugins compatible for Editor in 0.93 ms, found 6 plugins.
Preloading 0 native plugins for Editor in 0.00 ms.
Unloading 4194 Unused Serialized files (Serialized files now loaded: 0)
Unloading 45 unused Assets / (1.3 MB). Loaded Objects now: 4644.
Memory consumption went from 156.5 MB to 155.2 MB.
Total: 4.430700 ms (FindLiveObjects: 0.458700 ms CreateObjectMapping: 0.441800 ms MarkObjects: 3.211000 ms  DeleteObjects: 0.318300 ms)

AssetImportParameters requested are different than current active one (requested -> active):
  custom:video-decoder-ogg-theora: a1e56fd34408186e4bbccfd4996cb3dc -> 
  custom:container-muxer-webm: aa71ff27fc2769a1b78a27578f13a17b -> 
  custom:container-demuxer-webm: 4f35f7cbe854078d1ac9338744f61a02 -> 
  custom:video-encoder-webm-vp8: eb34c28f22e8b96e1ab97ce403110664 -> 
  custom:audio-encoder-webm-vorbis: bf7c407c2cedff20999df2af8eb42d56 -> 
  custom:framework-win-MediaFoundation: 216162199b28c13a410421893ffa2e32 -> 
  custom:container-demuxer-ogg: 62fdf1f143b41e24485cea50d1cbac27 -> 
  custom:video-decoder-webm-vp8: 9c59270c3fd7afecdb556c50c9e8de78 -> 
  custom:audio-decoder-ogg-vorbis: bf7c407c2cedff20999df2af8eb42d56 -> 
========================================================================
Received Import Request.
  Time since last request: 1014528.265197 seconds.
  path: Assets/SteamVR/InteractionSystem/Teleport
  artifactKey: Guid(2f105d731b4539940bf471aeb837ac94) Importer(815301076,1909f56bfc062723c751e8b465ee728b)
Start importing Assets/SteamVR/InteractionSystem/Teleport using Guid(2f105d731b4539940bf471aeb837ac94) Importer(815301076,1909f56bfc062723c751e8b465ee728b)  -> (artifact id: '22012e18166ce01692c4f8802a8fb5ed') in 0.009343 seconds 
========================================================================
Received Import Request.
  Time since last request: 0.000021 seconds.
  path: Assets/SteamVR/InteractionSystem/Teleport/Prefabs/Teleporting.prefab
  artifactKey: Guid(7a135b1a2cb9c8f488d4dd00c55ab283) Importer(815301076,1909f56bfc062723c751e8b465ee728b)
Start importing Assets/SteamVR/InteractionSystem/Teleport/Prefabs/Teleporting.prefab using Guid(7a135b1a2cb9c8f488d4dd00c55ab283) Importer(815301076,1909f56bfc062723c751e8b465ee728b)  -> (artifact id: 'bdb1b06d6f064c31b400149f731e1f00') in 0.133302 seconds 
========================================================================
Received Import Request.
  Time since last request: 89.209924 seconds.
  path: Assets/SteamVR/InteractionSystem/Teleport/Scripts
  artifactKey: Guid(e4c4a2a27a81a8047ab1987a441abb3e) Importer(815301076,1909f56bfc062723c751e8b465ee728b)
Start importing Assets/SteamVR/InteractionSystem/Teleport/Scripts using Guid(e4c4a2a27a81a8047ab1987a441abb3e) Importer(815301076,1909f56bfc062723c751e8b465ee728b)  -> (artifact id: '5726a1a7d191cdb2fd0b6d78329f34d2') in 0.002694 seconds 
========================================================================
Received Import Request.
  Time since last request: 9.564930 seconds.
  path: Assets/SteamVR/InteractionSystem/Teleport/Scripts/TeleportArea.cs
  artifactKey: Guid(84a4f15a3179f1d4993aded11f4d0232) Importer(815301076,1909f56bfc062723c751e8b465ee728b)
Start importing Assets/SteamVR/InteractionSystem/Teleport/Scripts/TeleportArea.cs using Guid(84a4f15a3179f1d4993aded11f4d0232) Importer(815301076,1909f56bfc062723c751e8b465ee728b)  -> (artifact id: '2b8ab0f786adba7c89ae163c69f63646') in 0.014087 seconds 
========================================================================
Received Prepare
Registering precompiled user dll's ...
Registered in 0.010371 seconds.
Begin MonoManager ReloadAssembly
Native extension for WindowsStandalone target not found
Native extension for Android target not found
Refreshing native plugins compatible for Editor in 0.96 ms, found 6 plugins.
Preloading 0 native plugins for Editor in 0.00 ms.
Mono: successfully reloaded assembly
- Completed reload, in  1.166 seconds
Domain Reload Profiling:
	ReloadAssembly (1167ms)
		BeginReloadAssembly (151ms)
			ExecutionOrderSort (0ms)
			DisableScriptedObjects (4ms)
			BackupInstance (0ms)
			ReleaseScriptingObjects (0ms)
			CreateAndSetChildDomain (45ms)
		EndReloadAssembly (913ms)
			LoadAssemblies (99ms)
			RebuildTransferFunctionScriptingTraits (0ms)
			SetupTypeCache (288ms)
			ReleaseScriptCaches (2ms)
			RebuildScriptCaches (41ms)
			SetupLoadedEditorAssemblies (422ms)
				LogAssemblyErrors (0ms)
				InitializePlatformSupportModulesInManaged (23ms)
				SetLoadedEditorAssemblies (1ms)
				RefreshPlugins (1ms)
				BeforeProcessingInitializeOnLoad (87ms)
				ProcessInitializeOnLoadAttributes (270ms)
				ProcessInitializeOnLoadMethodAttributes (28ms)
				AfterProcessingInitializeOnLoad (12ms)
				EditorAssembliesLoaded (0ms)
			ExecutionOrderSort2 (0ms)
			AwakeInstancesAfterBackupRestoration (15ms)
Platform modules already initialized, skipping
Refreshing native plugins compatible for Editor in 2.94 ms, found 6 plugins.
Preloading 0 native plugins for Editor in 0.00 ms.
Unloading 4129 Unused Serialized files (Serialized files now loaded: 0)
Unloading 36 unused Assets / (1.3 MB). Loaded Objects now: 4655.
Memory consumption went from 155.5 MB to 154.2 MB.
Total: 4.132100 ms (FindLiveObjects: 0.352000 ms CreateObjectMapping: 0.183700 ms MarkObjects: 3.298000 ms  DeleteObjects: 0.297800 ms)

AssetImportParameters requested are different than current active one (requested -> active):
  custom:video-decoder-ogg-theora: a1e56fd34408186e4bbccfd4996cb3dc -> 
  custom:container-muxer-webm: aa71ff27fc2769a1b78a27578f13a17b -> 
  custom:container-demuxer-webm: 4f35f7cbe854078d1ac9338744f61a02 -> 
  custom:video-encoder-webm-vp8: eb34c28f22e8b96e1ab97ce403110664 -> 
  custom:audio-encoder-webm-vorbis: bf7c407c2cedff20999df2af8eb42d56 -> 
  custom:framework-win-MediaFoundation: 216162199b28c13a410421893ffa2e32 -> 
  custom:container-demuxer-ogg: 62fdf1f143b41e24485cea50d1cbac27 -> 
  custom:video-decoder-webm-vp8: 9c59270c3fd7afecdb556c50c9e8de78 -> 
  custom:audio-decoder-ogg-vorbis: bf7c407c2cedff20999df2af8eb42d56 -> 
========================================================================
Received Import Request.
  Time since last request: 105.151979 seconds.
  path: Assets/SteamVR/InteractionSystem/Core/Scripts
  artifactKey: Guid(77a23888f82e2ab4c8bc825f20235e1e) Importer(815301076,1909f56bfc062723c751e8b465ee728b)
Start importing Assets/SteamVR/InteractionSystem/Core/Scripts using Guid(77a23888f82e2ab4c8bc825f20235e1e) Importer(815301076,1909f56bfc062723c751e8b465ee728b)  -> (artifact id: '0430dccd3554f7b45a2303cfaf4feb8c') in 0.009972 seconds 
========================================================================
Received Prepare
Registering precompiled user dll's ...
Registered in 0.010781 seconds.
Begin MonoManager ReloadAssembly
Native extension for WindowsStandalone target not found
Native extension for Android target not found
Refreshing native plugins compatible for Editor in 0.90 ms, found 6 plugins.
Preloading 0 native plugins for Editor in 0.00 ms.
Mono: successfully reloaded assembly
- Completed reload, in  1.148 seconds
Domain Reload Profiling:
	ReloadAssembly (1149ms)
		BeginReloadAssembly (150ms)
			ExecutionOrderSort (0ms)
			DisableScriptedObjects (4ms)
			BackupInstance (0ms)
			ReleaseScriptingObjects (0ms)
			CreateAndSetChildDomain (45ms)
		EndReloadAssembly (900ms)
			LoadAssemblies (104ms)
			RebuildTransferFunctionScriptingTraits (0ms)
			SetupTypeCache (279ms)
			ReleaseScriptCaches (2ms)
			RebuildScriptCaches (42ms)
			SetupLoadedEditorAssemblies (421ms)
				LogAssemblyErrors (0ms)
				InitializePlatformSupportModulesInManaged (22ms)
				SetLoadedEditorAssemblies (1ms)
				RefreshPlugins (1ms)
				BeforeProcessingInitializeOnLoad (90ms)
				ProcessInitializeOnLoadAttributes (266ms)
				ProcessInitializeOnLoadMethodAttributes (28ms)
				AfterProcessingInitializeOnLoad (12ms)
				EditorAssembliesLoaded (0ms)
			ExecutionOrderSort2 (0ms)
			AwakeInstancesAfterBackupRestoration (16ms)
Platform modules already initialized, skipping
Refreshing native plugins compatible for Editor in 2.97 ms, found 6 plugins.
Preloading 0 native plugins for Editor in 0.00 ms.
Unloading 4129 Unused Serialized files (Serialized files now loaded: 0)
Unloading 35 unused Assets / (1.3 MB). Loaded Objects now: 4659.
Memory consumption went from 155.5 MB to 154.2 MB.
Total: 3.847700 ms (FindLiveObjects: 0.358500 ms CreateObjectMapping: 0.172100 ms MarkObjects: 3.022100 ms  DeleteObjects: 0.294300 ms)

AssetImportParameters requested are different than current active one (requested -> active):
  custom:video-decoder-ogg-theora: a1e56fd34408186e4bbccfd4996cb3dc -> 
  custom:container-muxer-webm: aa71ff27fc2769a1b78a27578f13a17b -> 
  custom:container-demuxer-webm: 4f35f7cbe854078d1ac9338744f61a02 -> 
  custom:video-encoder-webm-vp8: eb34c28f22e8b96e1ab97ce403110664 -> 
  custom:audio-encoder-webm-vorbis: bf7c407c2cedff20999df2af8eb42d56 -> 
  custom:framework-win-MediaFoundation: 216162199b28c13a410421893ffa2e32 -> 
  custom:container-demuxer-ogg: 62fdf1f143b41e24485cea50d1cbac27 -> 
  custom:video-decoder-webm-vp8: 9c59270c3fd7afecdb556c50c9e8de78 -> 
  custom:audio-decoder-ogg-vorbis: bf7c407c2cedff20999df2af8eb42d56 -> 
========================================================================
Received Import Request.
  Time since last request: 78.906040 seconds.
  path: Assets/SteamVR/InteractionSystem/Samples
  artifactKey: Guid(bd2dd58615e1ced41ae3178451fab370) Importer(815301076,1909f56bfc062723c751e8b465ee728b)
Start importing Assets/SteamVR/InteractionSystem/Samples using Guid(bd2dd58615e1ced41ae3178451fab370) Importer(815301076,1909f56bfc062723c751e8b465ee728b)  -> (artifact id: '70625621db6a8c2be23081e327327e14') in 0.009108 seconds 
========================================================================
Received Import Request.
  Time since last request: 3.428866 seconds.
  path: Assets/SteamVR/InteractionSystem/Samples/Interactions_Example.unity
  artifactKey: Guid(e3b77830391f10343929883b18f4d5ae) Importer(815301076,1909f56bfc062723c751e8b465ee728b)
Start importing Assets/SteamVR/InteractionSystem/Samples/Interactions_Example.unity using Guid(e3b77830391f10343929883b18f4d5ae) Importer(815301076,1909f56bfc062723c751e8b465ee728b)  -> (artifact id: '489965cbeb2f8241dfa4edc82784bfff') in 0.002779 seconds 
========================================================================
Received Import Request.
  Time since last request: 75.134372 seconds.
  path: Assets/Scenes
  artifactKey: Guid(e9d87ec156c7c0e408d388babb38170c) Importer(815301076,1909f56bfc062723c751e8b465ee728b)
Start importing Assets/Scenes using Guid(e9d87ec156c7c0e408d388babb38170c) Importer(815301076,1909f56bfc062723c751e8b465ee728b)  -> (artifact id: 'ff569e5273bfe0c5a566d7d54ef8f4c5') in 0.003185 seconds 
========================================================================
Received Import Request.
  Time since last request: 0.842020 seconds.
  path: Assets/Scenes/MiniGame.unity
  artifactKey: Guid(9efbd2f536a75dd4dacd1fe39e9a8878) Importer(815301076,1909f56bfc062723c751e8b465ee728b)
Start importing Assets/Scenes/MiniGame.unity using Guid(9efbd2f536a75dd4dacd1fe39e9a8878) Importer(815301076,1909f56bfc062723c751e8b465ee728b)  -> (artifact id: '3ba3ddb077096a968d3b02bca7e36fd6') in 0.002832 seconds 
========================================================================
Received Import Request.
  Time since last request: 25.234671 seconds.
  path: Assets/SteamVR/InteractionSystem/Samples/JoeJeff
  artifactKey: Guid(64d7a808e6ea3744592d24f15535c369) Importer(815301076,1909f56bfc062723c751e8b465ee728b)
Start importing Assets/SteamVR/InteractionSystem/Samples/JoeJeff using Guid(64d7a808e6ea3744592d24f15535c369) Importer(815301076,1909f56bfc062723c751e8b465ee728b)  -> (artifact id: '6d869c680e295cb40d7b4ff360ec6672') in 0.002637 seconds 
========================================================================
Received Import Request.
  Time since last request: 0.069183 seconds.
  path: Assets/SteamVR/InteractionSystem/Samples/JoeJeff/JJHat.fbx
  artifactKey: Guid(b3ac77097923838428fea9044967ced5) Importer(815301076,1909f56bfc062723c751e8b465ee728b)
Start importing Assets/SteamVR/InteractionSystem/Samples/JoeJeff/JJHat.fbx using Guid(b3ac77097923838428fea9044967ced5) Importer(815301076,1909f56bfc062723c751e8b465ee728b)  -> (artifact id: 'ae1dc71582676195000a0e80b75611b4') in 0.501205 seconds 
========================================================================
Received Import Request.
  Time since last request: 0.000025 seconds.
  path: Assets/SteamVR/InteractionSystem/Samples/JoeJeff/JoeJeffController.fbx
  artifactKey: Guid(076d897164a32834791fe9bd812ed21d) Importer(815301076,1909f56bfc062723c751e8b465ee728b)
Start importing Assets/SteamVR/InteractionSystem/Samples/JoeJeff/JoeJeffController.fbx using Guid(076d897164a32834791fe9bd812ed21d) Importer(815301076,1909f56bfc062723c751e8b465ee728b)  -> (artifact id: 'aa6041b2374ee9f065f63c88c83bdbba') in 0.047958 seconds 
========================================================================
Received Import Request.
  Time since last request: 61.385126 seconds.
  path: Assets/SteamVR/InteractionSystem/Samples/Interactions_Example
  artifactKey: Guid(0b3ee0e8968f48f49a7e58606fa6cf91) Importer(815301076,1909f56bfc062723c751e8b465ee728b)
Start importing Assets/SteamVR/InteractionSystem/Samples/Interactions_Example using Guid(0b3ee0e8968f48f49a7e58606fa6cf91) Importer(815301076,1909f56bfc062723c751e8b465ee728b)  -> (artifact id: 'e7a515d84e509c43d0255a1a34170cea') in 0.002806 seconds 
========================================================================
Received Import Request.
  Time since last request: 0.086564 seconds.
  path: Assets/SteamVR/InteractionSystem/Samples/Interactions_Example/LightingData.asset
  artifactKey: Guid(08f1e4823ecc8234e88f2849f3d9b2cc) Importer(815301076,1909f56bfc062723c751e8b465ee728b)
Start importing Assets/SteamVR/InteractionSystem/Samples/Interactions_Example/LightingData.asset using Guid(08f1e4823ecc8234e88f2849f3d9b2cc) Importer(815301076,1909f56bfc062723c751e8b465ee728b) Lighting data asset ‘LightingData’ is incompatible with the current Unity version. Please use Generate Lighting to rebuild the lighting data. Realtime Global Illumination cannot be used until the lighting data is rebuilt.
Lighting data asset ‘LightingData’ is incompatible with the current Unity version because the scene it was baked for was not serialized. Please use Generate Lighting to rebuild the lighting data, or assign the target scene to the Lighting Data Asset in the inspector.
 -> (artifact id: '73445083f635beff6cc4e806027f8dcd') in 0.007026 seconds 
========================================================================
Received Import Request.
  Time since last request: 9.659338 seconds.
  path: Assets/SteamVR/InteractionSystem/Samples/Models
  artifactKey: Guid(0f4815448fea8a84d99c4b54cd5587ed) Importer(815301076,1909f56bfc062723c751e8b465ee728b)
Start importing Assets/SteamVR/InteractionSystem/Samples/Models using Guid(0f4815448fea8a84d99c4b54cd5587ed) Importer(815301076,1909f56bfc062723c751e8b465ee728b)  -> (artifact id: '1a3a0954be1318185bbdebb401d81051') in 0.003015 seconds 
========================================================================
Received Import Request.
  Time since last request: 0.056216 seconds.
  path: Assets/SteamVR/InteractionSystem/Samples/Models/black_floor_metal_001a.jpg
  artifactKey: Guid(31a81610aba97a948b33ac6481d66c25) Importer(815301076,1909f56bfc062723c751e8b465ee728b)
Start importing Assets/SteamVR/InteractionSystem/Samples/Models/black_floor_metal_001a.jpg using Guid(31a81610aba97a948b33ac6481d66c25) Importer(815301076,1909f56bfc062723c751e8b465ee728b)  -> (artifact id: 'c26e7b8e0231699b35489c086b6b2517') in 0.023675 seconds 
========================================================================
Received Import Request.
  Time since last request: 0.873975 seconds.
  path: Assets/SteamVR/InteractionSystem/Samples/Models/black_floor_metal_NRM.jpg
  artifactKey: Guid(35f6da91b7f761e45b32d5f613a851cd) Importer(815301076,1909f56bfc062723c751e8b465ee728b)
Start importing Assets/SteamVR/InteractionSystem/Samples/Models/black_floor_metal_NRM.jpg using Guid(35f6da91b7f761e45b32d5f613a851cd) Importer(815301076,1909f56bfc062723c751e8b465ee728b)  -> (artifact id: '4e5113a6e7ce8ec80818e1dd8c073843') in 0.015712 seconds 
========================================================================
Received Import Request.
  Time since last request: 0.005140 seconds.
  path: Assets/SteamVR/InteractionSystem/Samples/Models/Table.prefab
  artifactKey: Guid(f11886bad7ca13742ba0be955318d952) Importer(815301076,1909f56bfc062723c751e8b465ee728b)
Start importing Assets/SteamVR/InteractionSystem/Samples/Models/Table.prefab using Guid(f11886bad7ca13742ba0be955318d952) Importer(815301076,1909f56bfc062723c751e8b465ee728b)  -> (artifact id: '5ebe16d5aeddbe0ae4f7440ead41628d') in 0.037158 seconds 
========================================================================
Received Import Request.
  Time since last request: 0.000030 seconds.
  path: Assets/SteamVR/InteractionSystem/Samples/Models/Furniture.fbx
  artifactKey: Guid(2e710f2b5a4f9674183207e79056e879) Importer(815301076,1909f56bfc062723c751e8b465ee728b)
Start importing Assets/SteamVR/InteractionSystem/Samples/Models/Furniture.fbx using Guid(2e710f2b5a4f9674183207e79056e879) Importer(815301076,1909f56bfc062723c751e8b465ee728b)  -> (artifact id: '99e2947c7a6d72ae658d769f18b80a38') in 0.059618 seconds 
========================================================================
Received Import Request.
  Time since last request: 0.000021 seconds.
  path: Assets/SteamVR/InteractionSystem/Samples/Models/Weird Table.prefab
  artifactKey: Guid(57e966daf1b02b746ac71933c6ef56b7) Importer(815301076,1909f56bfc062723c751e8b465ee728b)
Start importing Assets/SteamVR/InteractionSystem/Samples/Models/Weird Table.prefab using Guid(57e966daf1b02b746ac71933c6ef56b7) Importer(815301076,1909f56bfc062723c751e8b465ee728b)  -> (artifact id: '9c9c35798292bb58db81cd539e54946f') in 0.018114 seconds 
========================================================================
Received Import Request.
  Time since last request: 0.000029 seconds.
  path: Assets/SteamVR/InteractionSystem/Samples/Models/Wall.prefab
  artifactKey: Guid(4f8a76d2be4d1cb40a9aa32921fcb73c) Importer(815301076,1909f56bfc062723c751e8b465ee728b)
Start importing Assets/SteamVR/InteractionSystem/Samples/Models/Wall.prefab using Guid(4f8a76d2be4d1cb40a9aa32921fcb73c) Importer(815301076,1909f56bfc062723c751e8b465ee728b)  -> (artifact id: 'e2f5cee991f47e74594da19799eca064') in 0.020499 seconds 
========================================================================
Received Import Request.
  Time since last request: 0.000030 seconds.
  path: Assets/SteamVR/InteractionSystem/Samples/Models/Target.fbx
  artifactKey: Guid(d385554d73e74444094a4927b4201f1f) Importer(815301076,1909f56bfc062723c751e8b465ee728b)
Start importing Assets/SteamVR/InteractionSystem/Samples/Models/Target.fbx using Guid(d385554d73e74444094a4927b4201f1f) Importer(815301076,1909f56bfc062723c751e8b465ee728b)  -> (artifact id: 'f430a7e6ad838910372e25713cc45abf') in 0.099274 seconds 
========================================================================
Received Import Request.
  Time since last request: 0.000027 seconds.
  path: Assets/SteamVR/InteractionSystem/Samples/Models/Table_Round.prefab
  artifactKey: Guid(e7af05fa230061c4da07e8ceda602506) Importer(815301076,1909f56bfc062723c751e8b465ee728b)
Start importing Assets/SteamVR/InteractionSystem/Samples/Models/Table_Round.prefab using Guid(e7af05fa230061c4da07e8ceda602506) Importer(815301076,1909f56bfc062723c751e8b465ee728b)  -> (artifact id: '2d973c0287f727c479d18ebce0b08edb') in 0.020246 seconds 
========================================================================
Received Import Request.
  Time since last request: 0.000020 seconds.
  path: Assets/SteamVR/InteractionSystem/Samples/Models/Table_Small.prefab
  artifactKey: Guid(390115dc286a84d4b82719333a0ff570) Importer(815301076,1909f56bfc062723c751e8b465ee728b)
Start importing Assets/SteamVR/InteractionSystem/Samples/Models/Table_Small.prefab using Guid(390115dc286a84d4b82719333a0ff570) Importer(815301076,1909f56bfc062723c751e8b465ee728b)  -> (artifact id: '5785f6e36058742c358c3335e41cc204') in 0.019890 seconds 
========================================================================
Received Import Request.
  Time since last request: 0.000027 seconds.
  path: Assets/SteamVR/InteractionSystem/Samples/Models/floor.mat
  artifactKey: Guid(b41d1116a101a84499296ce28d16e6b9) Importer(815301076,1909f56bfc062723c751e8b465ee728b)
Start importing Assets/SteamVR/InteractionSystem/Samples/Models/floor.mat using Guid(b41d1116a101a84499296ce28d16e6b9) Importer(815301076,1909f56bfc062723c751e8b465ee728b)  -> (artifact id: '04ee16b1a5ad2ab671bc033d7a1acaa9') in 0.030124 seconds 
========================================================================
Received Import Request.
  Time since last request: 35.596522 seconds.
  path: Assets/SteamVR/InteractionSystem/Samples/Models/Materials/BuggyController__Controller.mat
  artifactKey: Guid(f66e57e05610a774bbb5097b4975a23a) Importer(815301076,1909f56bfc062723c751e8b465ee728b)
Start importing Assets/SteamVR/InteractionSystem/Samples/Models/Materials/BuggyController__Controller.mat using Guid(f66e57e05610a774bbb5097b4975a23a) Importer(815301076,1909f56bfc062723c751e8b465ee728b)  -> (artifact id: '633a6bf47c1a6032c919e3584b0f4556') in 0.011457 seconds 
========================================================================
Received Import Request.
  Time since last request: 0.011220 seconds.
  path: Assets/SteamVR/InteractionSystem/Samples/Models/Materials/Furniture_MetallicSmoothness.png
  artifactKey: Guid(7d025787045f1a34d88f9d9a15d0d5ca) Importer(815301076,1909f56bfc062723c751e8b465ee728b)
Start importing Assets/SteamVR/InteractionSystem/Samples/Models/Materials/Furniture_MetallicSmoothness.png using Guid(7d025787045f1a34d88f9d9a15d0d5ca) Importer(815301076,1909f56bfc062723c751e8b465ee728b)  -> (artifact id: 'b11ef56abac933853640b6ccde7ed908') in 0.018657 seconds 
========================================================================
Received Import Request.
  Time since last request: 0.000022 seconds.
  path: Assets/SteamVR/InteractionSystem/Samples/Models/Materials/No Name.mat
  artifactKey: Guid(d35a9f69ebf49c547abfcb58ee6fb9ed) Importer(815301076,1909f56bfc062723c751e8b465ee728b)
Start importing Assets/SteamVR/InteractionSystem/Samples/Models/Materials/No Name.mat using Guid(d35a9f69ebf49c547abfcb58ee6fb9ed) Importer(815301076,1909f56bfc062723c751e8b465ee728b)  -> (artifact id: 'ccaa12f009af397a5ff1ab6de36f3c02') in 0.010705 seconds 
========================================================================
Received Import Request.
  Time since last request: 0.000024 seconds.
  path: Assets/SteamVR/InteractionSystem/Samples/Models/Materials/Furniture_Normal.png
  artifactKey: Guid(c595edc746c897e4e888f1cf26421a05) Importer(815301076,1909f56bfc062723c751e8b465ee728b)
Start importing Assets/SteamVR/InteractionSystem/Samples/Models/Materials/Furniture_Normal.png using Guid(c595edc746c897e4e888f1cf26421a05) Importer(815301076,1909f56bfc062723c751e8b465ee728b)  -> (artifact id: '273d5ca7ff8d9ac85d6fb2dfdcab173f') in 0.016166 seconds 
========================================================================
Received Import Request.
  Time since last request: 0.000033 seconds.
  path: Assets/SteamVR/InteractionSystem/Samples/Models/Materials/target.mat
  artifactKey: Guid(4bb9548183013a045a3a576bd7740d4f) Importer(815301076,1909f56bfc062723c751e8b465ee728b)
Start importing Assets/SteamVR/InteractionSystem/Samples/Models/Materials/target.mat using Guid(4bb9548183013a045a3a576bd7740d4f) Importer(815301076,1909f56bfc062723c751e8b465ee728b)  -> (artifact id: 'fc184636362b0487a35efa3f9c913ae3') in 0.011432 seconds 
========================================================================
Received Import Request.
  Time since last request: 0.000029 seconds.
  path: Assets/SteamVR/InteractionSystem/Samples/Models/Materials/unnamed.mat
  artifactKey: Guid(21caec5e9129c334db1cc10e5cb06a88) Importer(815301076,1909f56bfc062723c751e8b465ee728b)
Start importing Assets/SteamVR/InteractionSystem/Samples/Models/Materials/unnamed.mat using Guid(21caec5e9129c334db1cc10e5cb06a88) Importer(815301076,1909f56bfc062723c751e8b465ee728b)  -> (artifact id: '4a9f710a97a82e85d540574e3cf89704') in 0.011339 seconds 
Editor requested this worker to shutdown with reason: Scaling down because of idle timeout
AssetImportWorker is now disconnected from the server
Process exiting
Exiting without the bug reporter. Application will terminate with return code 0